#
# There is insufficient memory for the Java Runtime Environment to continue.
# Native memory allocation (mmap) failed to map 134217728 bytes for Failed to commit area from 0x0000000081c00000 to 0x0000000089c00000 of length 134217728.
# Possible reasons:
#   The system is out of physical RAM or swap space
#   The process is running with CompressedOops enabled, and the Java Heap may be blocking the growth of the native heap
# Possible solutions:
#   Reduce memory load on the system
#   Increase physical memory or swap space
#   Check if swap backing store is full
#   Decrease Java heap size (-Xmx/-Xms)
#   Decrease number of Java threads
#   Decrease Java thread stack sizes (-Xss)
#   Set larger code cache with -XX:ReservedCodeCacheSize=
# This output file may be truncated or incomplete.
#
#  Out of Memory Error (t:/workspace/open/src/hotspot/os/windows/os_windows.cpp:3269), pid=2684, tid=9660
#
# JRE version:  (11.0.2+9) (build )
# Java VM: Java HotSpot(TM) 64-Bit Server VM (11.0.2+9-LTS, mixed mode, aot, sharing, tiered, compressed oops, g1 gc, windows-amd64)
# No core dump will be written. Minidumps are not enabled by default on client versions of Windows
#

---------------  S U M M A R Y ------------

Command Line: -Dorg.gradle.appname=gradlew org.gradle.wrapper.GradleWrapperMain -q -Ptarget=C:\Users\Admin\FlutterProjects\Cinema\lib\main.dart -Ptrack-widget-creation=true -Pfilesystem-scheme=org-dartlang-root -Ptarget-platform=android-arm64 assembleDebug

Host: Intel(R) Core(TM) i5-7200U CPU @ 2.50GHz, 4 cores, 7G,  Windows 10 , 64 bit Build 18362 (10.0.18362.329)
Time: Sat Jan 18 14:05:36 2020 India Standard Time elapsed time: 4 seconds (0d 0h 0m 4s)

---------------  T H R E A D  ---------------

Current thread (0x000001cf58718800):  JavaThread "Unknown thread" [_thread_in_vm, id=9660, stack(0x0000000fa5200000,0x0000000fa5300000)]

Stack: [0x0000000fa5200000,0x0000000fa5300000]
Native frames: (J=compiled Java code, j=interpreted, Vv=VM code, C=native code)
V  [jvm.dll+0x63574a]
V  [jvm.dll+0x77326f]
V  [jvm.dll+0x77491a]
V  [jvm.dll+0x774fd3]
V  [jvm.dll+0x25e418]
V  [jvm.dll+0x632c0a]
V  [jvm.dll+0x627645]
V  [jvm.dll+0x314e7c]
V  [jvm.dll+0x314d02]
V  [jvm.dll+0x31a576]
V  [jvm.dll+0x36635f]
V  [jvm.dll+0x365d80]
V  [jvm.dll+0x2f19f8]
V  [jvm.dll+0x2f2b56]
V  [jvm.dll+0x74c817]
V  [jvm.dll+0x74df5f]
V  [jvm.dll+0x373179]
V  [jvm.dll+0x732eb9]
V  [jvm.dll+0x3e295d]
V  [jvm.dll+0x3e4c61]
C  [java.exe+0x3607]
C  [java.exe+0x178dc]
C  [KERNEL32.DLL+0x17bd4]
C  [ntdll.dll+0x6ced1]


---------------  P R O C E S S  ---------------

Threads class SMR info:
_java_thread_list=0x000001cf5667cf30, length=0, elements={
}

Java Threads: ( => current thread )

Other Threads:
  0x000001cf58730000 GCTaskThread "GC Thread#0" [stack: 0x0000000fa5300000,0x0000000fa5400000] [id=8152]
  0x000001cf58760000 ConcurrentGCThread "G1 Main Marker" [stack: 0x0000000fa5400000,0x0000000fa5500000] [id=4312]
  0x000001cf58761800 ConcurrentGCThread "G1 Conc#0" [stack: 0x0000000fa5500000,0x0000000fa5600000] [id=10532]

[error occurred during error reporting (printing all threads), id 0xc0000005, EXCEPTION_ACCESS_VIOLATION (0xc0000005) at pc=0x00007ff876770197]

VM state:not at safepoint (not fully initialized)

VM Mutex/Monitor currently owned by a thread:  ([mutex/lock_event])
[0x000001cf58716b00] Heap_lock - owner thread: 0x000001cf58718800

Heap address: 0x0000000081c00000, size: 2020 MB, Compressed Oops mode: Non-zero based: 0x0000000081c00000
Narrow klass base: 0x0000000000000000, Narrow klass shift: 0

GC Heap History (0 events):
No events

Deoptimization events (0 events):
No events

Classes redefined (0 events):
No events

Internal exceptions (0 events):
No events

Events (0 events):
No events


Dynamic libraries:
0x00007ff7d1c70000 - 0x00007ff7d1cb7000 	C:\Program Files\Java\jdk-11.0.2\bin\java.exe
0x00007ff8c0b60000 - 0x00007ff8c0d50000 	C:\WINDOWS\SYSTEM32\ntdll.dll
0x00007ff8bf360000 - 0x00007ff8bf412000 	C:\WINDOWS\System32\KERNEL32.DLL
0x00007ff8bdc40000 - 0x00007ff8bdee3000 	C:\WINDOWS\System32\KERNELBASE.dll
0x00007ff8c0050000 - 0x00007ff8c00f3000 	C:\WINDOWS\System32\ADVAPI32.dll
0x00007ff8c01e0000 - 0x00007ff8c027e000 	C:\WINDOWS\System32\msvcrt.dll
0x00007ff8bff00000 - 0x00007ff8bff97000 	C:\WINDOWS\System32\sechost.dll
0x00007ff8c0520000 - 0x00007ff8c0640000 	C:\WINDOWS\System32\RPCRT4.dll
0x00007ff8c0280000 - 0x00007ff8c0414000 	C:\WINDOWS\System32\USER32.dll
0x00007ff8bebe0000 - 0x00007ff8bec01000 	C:\WINDOWS\System32\win32u.dll
0x00007ff8bf330000 - 0x00007ff8bf356000 	C:\WINDOWS\System32\GDI32.dll
0x00007ff8bdef0000 - 0x00007ff8be084000 	C:\WINDOWS\System32\gdi32full.dll
0x00007ff8beb40000 - 0x00007ff8bebde000 	C:\WINDOWS\System32\msvcp_win.dll
0x00007ff8be090000 - 0x00007ff8be18a000 	C:\WINDOWS\System32\ucrtbase.dll
0x00007ff8b09f0000 - 0x00007ff8b0c75000 	C:\WINDOWS\WinSxS\amd64_microsoft.windows.common-controls_6595b64144ccf1df_6.0.18362.535_none_e6c3b34713100821\COMCTL32.dll
0x00007ff8c07e0000 - 0x00007ff8c0b16000 	C:\WINDOWS\System32\combase.dll
0x00007ff8bdaf0000 - 0x00007ff8bdb70000 	C:\WINDOWS\System32\bcryptPrimitives.dll
0x00007ff8b2be0000 - 0x00007ff8b2bea000 	C:\WINDOWS\SYSTEM32\VERSION.dll
0x00007ff8bf300000 - 0x00007ff8bf32e000 	C:\WINDOWS\System32\IMM32.DLL
0x00007ff8ae700000 - 0x00007ff8ae716000 	C:\Program Files\Java\jdk-11.0.2\bin\vcruntime140.dll
0x00007ff886ad0000 - 0x00007ff886b7a000 	C:\Program Files\Java\jdk-11.0.2\bin\msvcp140.dll
0x00007ff876470000 - 0x00007ff876f97000 	C:\Program Files\Java\jdk-11.0.2\bin\server\jvm.dll
0x00007ff8c0420000 - 0x00007ff8c0428000 	C:\WINDOWS\System32\PSAPI.DLL
0x00007ff8b9b00000 - 0x00007ff8b9b24000 	C:\WINDOWS\SYSTEM32\WINMM.dll
0x00007ff8a8ce0000 - 0x00007ff8a8ce9000 	C:\WINDOWS\SYSTEM32\WSOCK32.dll
0x00007ff8c0450000 - 0x00007ff8c04bf000 	C:\WINDOWS\System32\WS2_32.dll
0x00007ff8b9ad0000 - 0x00007ff8b9afd000 	C:\WINDOWS\SYSTEM32\WINMMBASE.dll
0x00007ff8beaf0000 - 0x00007ff8beb3a000 	C:\WINDOWS\System32\cfgmgr32.dll
0x00007ff8bda90000 - 0x00007ff8bdaa1000 	C:\WINDOWS\System32\kernel.appcore.dll
0x00007ff895020000 - 0x00007ff895031000 	C:\Program Files\Java\jdk-11.0.2\bin\verify.dll
0x00007ff8bc310000 - 0x00007ff8bc504000 	C:\WINDOWS\SYSTEM32\DBGHELP.DLL
0x00007ff8a72b0000 - 0x00007ff8a72da000 	C:\WINDOWS\SYSTEM32\dbgcore.DLL
0x00007ff894ff0000 - 0x00007ff895019000 	C:\Program Files\Java\jdk-11.0.2\bin\java.dll
0x00007ff894fd0000 - 0x00007ff894fe6000 	C:\Program Files\Java\jdk-11.0.2\bin\zip.dll
0x00007ff8ae6f0000 - 0x00007ff8ae6fa000 	C:\Program Files\Java\jdk-11.0.2\bin\jimage.dll

dbghelp: loaded successfully - version: 4.0.5 - missing functions: none
symbol engine: initialized successfully - sym options: 0x614 - pdb path: .;C:\Program Files\Java\jdk-11.0.2\bin;C:\WINDOWS\SYSTEM32;C:\WINDOWS\WinSxS\amd64_microsoft.windows.common-controls_6595b64144ccf1df_6.0.18362.535_none_e6c3b34713100821;C:\Program Files\Java\jdk-11.0.2\bin\server

VM Arguments:
jvm_args: -Dorg.gradle.appname=gradlew 
java_command: org.gradle.wrapper.GradleWrapperMain -q -Ptarget=C:\Users\Admin\FlutterProjects\Cinema\lib\main.dart -Ptrack-widget-creation=true -Pfilesystem-scheme=org-dartlang-root -Ptarget-platform=android-arm64 assembleDebug
java_class_path (initial): C:\Users\Admin\FlutterProjects\Cinema\android\\gradle\wrapper\gradle-wrapper.jar
Launcher Type: SUN_STANDARD

[Global flags]
     intx CICompilerCount                          = 3                                         {product} {ergonomic}
     uint ConcGCThreads                            = 1                                         {product} {ergonomic}
     uint G1ConcRefinementThreads                  = 4                                         {product} {ergonomic}
   size_t G1HeapRegionSize                         = 1048576                                   {product} {ergonomic}
    uintx GCDrainStackTargetSize                   = 64                                        {product} {ergonomic}
   size_t InitialHeapSize                          = 134217728                                 {product} {ergonomic}
   size_t MarkStackSize                            = 4194304                                   {product} {ergonomic}
   size_t MaxHeapSize                              = 2118123520                                {product} {ergonomic}
   size_t MinHeapDeltaBytes                        = 1048576                                   {product} {ergonomic}
    uintx NonNMethodCodeHeapSize                   = 5830092                                {pd product} {ergonomic}
    uintx NonProfiledCodeHeapSize                  = 122914074                              {pd product} {ergonomic}
    uintx ProfiledCodeHeapSize                     = 122914074                              {pd product} {ergonomic}
    uintx ReservedCodeCacheSize                    = 251658240                              {pd product} {ergonomic}
     bool SegmentedCodeCache                       = true                                      {product} {ergonomic}
     bool UseCompressedClassPointers               = true                                 {lp64_product} {ergonomic}
     bool UseCompressedOops                        = true                                 {lp64_product} {ergonomic}
     bool UseG1GC                                  = true                                      {product} {ergonomic}
     bool UseLargePagesIndividualAllocation        = false                                  {pd product} {ergonomic}

Logging:
Log output configuration:
 #0: stdout all=warning uptime,level,tags
 #1: stderr all=off uptime,level,tags

Environment Variables:
JAVA_HOME=C:\Program Files\Java\jdk-11.0.2
CLASSPATH=C:\Users\Admin\FlutterProjects\Cinema\android\\gradle\wrapper\gradle-wrapper.jar
PATH=C:\ProgramData\Oracle\Java\javapath;"C:\Program Files (x86)\Intel\iCLS Client\;C:\Program Files (x86)\CodeBlocks\MinGW\bin";C:\Program Files\Intel\iCLS Client\;C:\windows\system32;C:\windows;C:\windows\System32\Wbem;C:\windows\System32\WindowsPowerShell\v1.0\;C:\Program Files (x86)\NVIDIA Corporation\PhysX\Common;C:\Android;C:\Windows\System32;C:\WINDOWS\system32;C:\WINDOWS;C:\WINDOWS\System32\Wbem;C:\WINDOWS\System32\WindowsPowerShell\v1.0\;C:\Program Files (x86)\Intel\Intel(R) Management Engine Components\DAL;C:\Program Files\Intel\Intel(R) Management Engine Components\DAL;C:\Program Files (x86)\Intel\Intel(R) Management Engine Components\IPT;C:\Program Files\Intel\Intel(R) Management Engine Components\IPT;C:\WINDOWS\System32\OpenSSH\;C:\Users\Admin\Downloads\opencv\build\x64\vc14\bin;C:\Program Files\dotnet\;C:\Users\Admin\.dnx\bin;C:\Program Files\Microsoft DNX\Dnvm\;C:\Program Files\Microsoft SQL Server\130\Tools\Binn\;C:\Program Files\NVIDIA Corporation\NVIDIA NvDLISR;C:\Program Files\nodejs\;C:\Program Files (x86)\Brackets\command;C:\Program Files (x86)\Microsoft SQL Server\150\DTS\Binn\;C:\Program Files\Git\cmd;C:\Program Files\Microsoft SQL Server\Client SDK\ODBC\130\Tools\Binn\;C:\Program Files (x86)\Microsoft SQL Server\140\Tools\Binn\;C:\Program Files\Microsoft SQL Server\140\Tools\Binn\;C:\Program Files\Microsoft SQL Server\140\DTS\Binn\;C:\WINDOWS\system32;C:\WINDOWS;C:\WINDOWS\System32\Wbem;C:\WINDOWS\System32\WindowsPowerShell\v1.0\;C:\WINDOWS\System32\OpenSSH\;C:\Program Files\Microsoft SQL Server\Client SDK\ODBC\170\Tools\Binn\;C:\Users\Admin\AppData\Local\Programs\Python\Python38-32\Scripts\;C:\Users\Admin\AppData\Local\Programs\Python\Python38-32\;C:\Users\Admin\Anaconda3;C:\Users\Admin\Anaconda3\Library\mingw-w64\bin;C:\Users\Admin\Anaconda3\Library\usr\bin;C:\Users\Admin\Anaconda3\Library\bin;C:\Users\Admin\Anaconda3\Scripts;C:\Users\Admin\AppData\Local\Microsoft\WindowsApps;C:\Users\Admin\AppData\Local\Programs\Microsoft VS Code\bin;C:\MinGW
USERNAME=Admin
OS=Windows_NT
PROCESSOR_IDENTIFIER=Intel64 Family 6 Model 142 Stepping 9, GenuineIntel



---------------  S Y S T E M  ---------------

OS: Windows 10 , 64 bit Build 18362 (10.0.18362.329)

CPU:total 4 (initial active 4) (2 cores per cpu, 2 threads per core) family 6 model 142 stepping 9, cmov, cx8, fxsr, mmx, sse, sse2, sse3, ssse3, sse4.1, sse4.2, popcnt, avx, avx2, aes, clmul, erms, 3dnowpref, lzcnt, ht, tsc, tscinvbit, bmi1, bmi2, adx, fma

Memory: 4k page, system-wide physical 8077M (711M free)
TotalPageFile size 8077M (AvailPageFile size 22M)
current process WorkingSet (physical memory assigned to process): 9M, peak: 9M
current process commit charge ("private bytes"): 51M, peak: 179M

vm_info: Java HotSpot(TM) 64-Bit Server VM (11.0.2+9-LTS) for windows-amd64 JRE (11.0.2+9-LTS), built on Jan 18 2019 05:24:10 by "mach5one" with MS VC++ 15.5 (VS2017)

END.
