#
# There is insufficient memory for the Java Runtime Environment to continue.
# Native memory allocation (malloc) failed to allocate 32744 bytes for ChunkPool::allocate
# Possible reasons:
#   The system is out of physical RAM or swap space
#   The process is running with CompressedOops enabled, and the Java Heap may be blocking the growth of the native heap
# Possible solutions:
#   Reduce memory load on the system
#   Increase physical memory or swap space
#   Check if swap backing store is full
#   Decrease Java heap size (-Xmx/-Xms)
#   Decrease number of Java threads
#   Decrease Java thread stack sizes (-Xss)
#   Set larger code cache with -XX:ReservedCodeCacheSize=
#   JVM is running with Unscaled Compressed Oops mode in which the Java heap is
#     placed in the first 4GB address space. The Java Heap base address is the
#     maximum limit for the native heap growth. Please use -XX:HeapBaseMinAddress
#     to set the Java Heap base and to place the Java Heap above 4GB virtual address.
# This output file may be truncated or incomplete.
#
#  Out of Memory Error (allocation.cpp:272), pid=10128, tid=0x00000000000022f8
#
# JRE version: OpenJDK Runtime Environment (8.0_202-b03) (build 1.8.0_202-release-1483-b03)
# Java VM: OpenJDK 64-Bit Server VM (25.202-b03 mixed mode windows-amd64 compressed oops)
# Failed to write core dump. Minidumps are not enabled by default on client versions of Windows
#

---------------  T H R E A D  ---------------

Current thread (0x0000000016907800):  JavaThread "C1 CompilerThread2" daemon [_thread_in_native, id=8952, stack(0x0000000018140000,0x0000000018240000)]

Stack: [0x0000000018140000,0x0000000018240000]
[error occurred during error reporting (printing stack bounds), id 0xc0000005]

Native frames: (J=compiled Java code, j=interpreted, Vv=VM code, C=native code)


Current CompileTask:
C1:  15871 6049       3       org.gradle.internal.logging.console.StyledTextOutputBackedRenderer::onOutput (261 bytes)


---------------  P R O C E S S  ---------------

Java Threads: ( => current thread )
  0x00000000194ec800 JavaThread "Forward streams with process: command 'C:\src\flutter\bin\flutter.bat' Thread 3" [_thread_in_native, id=12548, stack(0x00000000238a0000,0x00000000239a0000)]
  0x00000000194f3800 JavaThread "Forward streams with process: command 'C:\src\flutter\bin\flutter.bat' Thread 2" [_thread_in_native, id=12664, stack(0x00000000234d0000,0x00000000235d0000)]
  0x00000000194ec000 JavaThread "Forward streams with process: command 'C:\src\flutter\bin\flutter.bat'" [_thread_blocked, id=7124, stack(0x00000000233d0000,0x00000000234d0000)]
  0x00000000194f2800 JavaThread "Run command 'C:\src\flutter\bin\flutter.bat'" [_thread_in_native, id=6480, stack(0x00000000232d0000,0x00000000233d0000)]
  0x00000000194f2000 JavaThread "Task worker for ':' Thread 3" [_thread_blocked, id=1348, stack(0x0000000023aa0000,0x0000000023ba0000)]
  0x00000000194f1000 JavaThread "Task worker for ':' Thread 2" [_thread_blocked, id=7304, stack(0x0000000021750000,0x0000000021850000)]
  0x00000000194ee000 JavaThread "Task worker for ':'" [_thread_blocked, id=12768, stack(0x0000000021030000,0x0000000021130000)]
  0x00000000194f0800 JavaThread "Cache worker for task history cache (C:\Users\Admin\FlutterProjects\Flutter-Movie-List-App\android\.gradle\4.1\taskHistory)" [_thread_blocked, id=3760, stack(0x0000000020de0000,0x0000000020ee0000)]
  0x00000000194ef000 JavaThread "Cache worker for file content cache (C:\Users\Admin\FlutterProjects\Flutter-Movie-List-App\android\.gradle\4.1\fileContent)" [_thread_blocked, id=9972, stack(0x0000000020bd0000,0x0000000020cd0000)]
  0x000000001892c000 JavaThread "Memory manager" [_thread_blocked, id=12660, stack(0x0000000020ce0000,0x0000000020de0000)]
  0x000000001892d800 JavaThread "pool-1-thread-1" [_thread_blocked, id=11700, stack(0x0000000020f30000,0x0000000021030000)]
  0x0000000018930800 JavaThread "build operations Thread 4" [_thread_blocked, id=576, stack(0x0000000020450000,0x0000000020550000)]
  0x0000000018932800 JavaThread "build operations Thread 3" [_thread_blocked, id=10716, stack(0x0000000020350000,0x0000000020450000)]
  0x000000001892f000 JavaThread "build operations Thread 2" [_thread_blocked, id=3160, stack(0x0000000020250000,0x0000000020350000)]
  0x0000000018931000 JavaThread "build operations" [_thread_blocked, id=7468, stack(0x000000001ead0000,0x000000001ebd0000)]
  0x000000001892c800 JavaThread "Cache worker for Artifact transforms cache (C:\Users\Admin\.gradle\caches\transforms-1)" [_thread_blocked, id=11144, stack(0x000000001d730000,0x000000001d830000)]
  0x0000000019f22800 JavaThread "Cache worker for file hash cache (C:\Users\Admin\FlutterProjects\Flutter-Movie-List-App\android\.gradle\4.1\fileHashes)" [_thread_blocked, id=1336, stack(0x000000001c460000,0x000000001c560000)]
  0x0000000018940000 JavaThread "File lock request listener" [_thread_in_native, id=11104, stack(0x000000001c160000,0x000000001c260000)]
  0x000000001a04e800 JavaThread "Cache worker for file hash cache (C:\Users\Admin\.gradle\caches\4.1\fileHashes)" [_thread_blocked, id=1304, stack(0x000000001c060000,0x000000001c160000)]
  0x0000000019823800 JavaThread "Stdin handler" [_thread_blocked, id=8956, stack(0x000000001bf60000,0x000000001c060000)]
  0x0000000019b84000 JavaThread "Asynchronous log dispatcher for DefaultDaemonConnection: socket connection from /127.0.0.1:52874 to /127.0.0.1:52875" [_thread_in_vm, id=1428, stack(0x000000001be60000,0x000000001bf60000)]
  0x0000000019b7a800 JavaThread "Daemon worker" [_thread_blocked, id=2972, stack(0x000000001bd60000,0x000000001be60000)]
  0x0000000019b8a800 JavaThread "Cancel handler" [_thread_blocked, id=3728, stack(0x000000001bc60000,0x000000001bd60000)]
  0x00000000194bd000 JavaThread "Handler for socket connection from /127.0.0.1:52874 to /127.0.0.1:52875" [_thread_in_native, id=4316, stack(0x000000001b960000,0x000000001ba60000)]
  0x00000000194bc800 JavaThread "Daemon" [_thread_blocked, id=396, stack(0x000000001b860000,0x000000001b960000)]
  0x000000001955a000 JavaThread "Daemon periodic checks" [_thread_blocked, id=8020, stack(0x000000001b760000,0x000000001b860000)]
  0x0000000019f3e000 JavaThread "Incoming local TCP Connector on port 52874" [_thread_in_native, id=11100, stack(0x000000001b520000,0x000000001b620000)]
  0x000000001826c800 JavaThread "Service Thread" daemon [_thread_blocked, id=11688, stack(0x0000000018640000,0x0000000018740000)]
=>0x0000000016907800 JavaThread "C1 CompilerThread2" daemon [_thread_in_native, id=8952, stack(0x0000000018140000,0x0000000018240000)]
  0x00000000168fb000 JavaThread "C2 CompilerThread1" daemon [_thread_blocked, id=12888, stack(0x0000000018040000,0x0000000018140000)]
  0x00000000168f3800 JavaThread "C2 CompilerThread0" daemon [_thread_in_native, id=5372, stack(0x0000000017f40000,0x0000000018040000)]
  0x00000000168f0800 JavaThread "Attach Listener" daemon [_thread_blocked, id=12112, stack(0x0000000017e40000,0x0000000017f40000)]
  0x00000000168f0000 JavaThread "Signal Dispatcher" daemon [_thread_blocked, id=824, stack(0x0000000017d40000,0x0000000017e40000)]
  0x0000000002f7d800 JavaThread "Finalizer" daemon [_thread_blocked, id=10596, stack(0x0000000017b40000,0x0000000017c40000)]
  0x0000000002f74000 JavaThread "Reference Handler" daemon [_thread_blocked, id=8672, stack(0x0000000017a40000,0x0000000017b40000)]
  0x0000000002e83800 JavaThread "main" [_thread_blocked, id=4684, stack(0x0000000002d30000,0x0000000002e30000)]

Other Threads:
  0x00000000168b6000 VMThread [stack: 0x0000000017940000,0x0000000017a40000] [id=10796]
  0x000000001826d800 WatcherThread [stack: 0x0000000018740000,0x0000000018840000] [id=10876]

VM state:not at safepoint (normal execution)

VM Mutex/Monitor currently owned by a thread: None

heap address: 0x00000000a0000000, size: 1536 MB, Compressed Oops mode: 32-bit
Narrow klass base: 0x0000000000000000, Narrow klass shift: 3
Compressed class space size: 1073741824 Address: 0x0000000100000000

Heap:
 PSYoungGen      total 178688K, used 71238K [0x00000000e0000000, 0x00000000ec500000, 0x0000000100000000)
  eden space 164864K, 34% used [0x00000000e0000000,0x00000000e3818078,0x00000000ea100000)
  from space 13824K, 99% used [0x00000000eb280000,0x00000000ebff9990,0x00000000ec000000)
  to   space 17920K, 0% used [0x00000000ea100000,0x00000000ea100000,0x00000000eb280000)
 ParOldGen       total 66560K, used 23644K [0x00000000a0000000, 0x00000000a4100000, 0x00000000e0000000)
  object space 66560K, 35% used [0x00000000a0000000,0x00000000a17171f8,0x00000000a4100000)
 Metaspace       used 52047K, capacity 53862K, committed 53976K, reserved 1095680K
  class space    used 7155K, capacity 7593K, committed 7680K, reserved 1048576K

Card table byte_map: [0x0000000012340000,0x0000000012650000] byte_map_base: 0x0000000011e40000

Marking Bits: (ParMarkBitMap*) 0x000000006af99f30
 Begin Bits: [0x0000000012c50000, 0x0000000014450000)
 End Bits:   [0x0000000014450000, 0x0000000015c50000)

Polling page: 0x0000000002c40000

CodeCache: size=245760Kb used=19299Kb max_used=19497Kb free=226460Kb
 bounds [0x0000000002f80000, 0x00000000042a0000, 0x0000000011f80000]
 total_blobs=6403 nmethods=5629 adapters=686
 compilation: enabled

Compilation events (10 events):
Event: 15.862 Thread 0x0000000016907800 nmethod 6044 0x00000000037a6050 code [0x00000000037a61a0, 0x00000000037a6290]
Event: 15.863 Thread 0x0000000016907800 6045       3       java.io.FilterOutputStream::write (51 bytes)
Event: 15.863 Thread 0x0000000016907800 nmethod 6045 0x0000000003959690 code [0x0000000003959820, 0x0000000003959c38]
Event: 15.866 Thread 0x0000000016907800 6046       3       java.nio.CharBuffer::allocate (22 bytes)
Event: 15.866 Thread 0x0000000016907800 nmethod 6046 0x0000000004248490 code [0x0000000004248620, 0x0000000004248a78]
Event: 15.866 Thread 0x0000000016907800 6047       3       java.nio.HeapCharBuffer::<init> (13 bytes)
Event: 15.867 Thread 0x0000000016907800 nmethod 6047 0x00000000036f57d0 code [0x00000000036f5940, 0x00000000036f5c08]
Event: 15.867 Thread 0x0000000016907800 6048       3       org.gradle.internal.logging.sink.ProgressLogEventGenerator::onOutput (72 bytes)
Event: 15.868 Thread 0x0000000016907800 nmethod 6048 0x000000000344ab90 code [0x000000000344ad80, 0x000000000344b7d8]
Event: 15.868 Thread 0x0000000016907800 6049       3       org.gradle.internal.logging.console.StyledTextOutputBackedRenderer::onOutput (261 bytes)

GC Heap History (10 events):
Event: 4.927 GC heap before
{Heap before GC invocations=8 (full 1):
 PSYoungGen      total 71680K, used 67813K [0x00000000e0000000, 0x00000000e5400000, 0x0000000100000000)
  eden space 63488K, 100% used [0x00000000e0000000,0x00000000e3e00000,0x00000000e3e00000)
  from space 8192K, 52% used [0x00000000e4c00000,0x00000000e50395d0,0x00000000e5400000)
  to   space 11264K, 0% used [0x00000000e3e00000,0x00000000e3e00000,0x00000000e4900000)
 ParOldGen       total 49664K, used 7858K [0x00000000a0000000, 0x00000000a3080000, 0x00000000e0000000)
  object space 49664K, 15% used [0x00000000a0000000,0x00000000a07aca48,0x00000000a3080000)
 Metaspace       used 28098K, capacity 28450K, committed 28672K, reserved 1073152K
  class space    used 3890K, capacity 4026K, committed 4096K, reserved 1048576K
Event: 4.935 GC heap after
Heap after GC invocations=8 (full 1):
 PSYoungGen      total 74752K, used 7013K [0x00000000e0000000, 0x00000000e8980000, 0x0000000100000000)
  eden space 63488K, 0% used [0x00000000e0000000,0x00000000e0000000,0x00000000e3e00000)
  from space 11264K, 62% used [0x00000000e3e00000,0x00000000e44d9408,0x00000000e4900000)
  to   space 10752K, 0% used [0x00000000e7f00000,0x00000000e7f00000,0x00000000e8980000)
 ParOldGen       total 49664K, used 7866K [0x00000000a0000000, 0x00000000a3080000, 0x00000000e0000000)
  object space 49664K, 15% used [0x00000000a0000000,0x00000000a07aea48,0x00000000a3080000)
 Metaspace       used 28098K, capacity 28450K, committed 28672K, reserved 1073152K
  class space    used 3890K, capacity 4026K, committed 4096K, reserved 1048576K
}
Event: 6.448 GC heap before
{Heap before GC invocations=9 (full 1):
 PSYoungGen      total 74752K, used 63688K [0x00000000e0000000, 0x00000000e8980000, 0x0000000100000000)
  eden space 63488K, 89% used [0x00000000e0000000,0x00000000e3758d18,0x00000000e3e00000)
  from space 11264K, 62% used [0x00000000e3e00000,0x00000000e44d9408,0x00000000e4900000)
  to   space 10752K, 0% used [0x00000000e7f00000,0x00000000e7f00000,0x00000000e8980000)
 ParOldGen       total 49664K, used 7866K [0x00000000a0000000, 0x00000000a3080000, 0x00000000e0000000)
  object space 49664K, 15% used [0x00000000a0000000,0x00000000a07aea48,0x00000000a3080000)
 Metaspace       used 34777K, capacity 35404K, committed 35416K, reserved 1079296K
  class space    used 4751K, capacity 4989K, committed 4992K, reserved 1048576K
Event: 6.464 GC heap after
Heap after GC invocations=9 (full 1):
 PSYoungGen      total 128000K, used 10731K [0x00000000e0000000, 0x00000000e8a80000, 0x0000000100000000)
  eden space 117248K, 0% used [0x00000000e0000000,0x00000000e0000000,0x00000000e7280000)
  from space 10752K, 99% used [0x00000000e7f00000,0x00000000e897ad00,0x00000000e8980000)
  to   space 12288K, 0% used [0x00000000e7280000,0x00000000e7280000,0x00000000e7e80000)
 ParOldGen       total 49664K, used 7882K [0x00000000a0000000, 0x00000000a3080000, 0x00000000e0000000)
  object space 49664K, 15% used [0x00000000a0000000,0x00000000a07b2a48,0x00000000a3080000)
 Metaspace       used 34777K, capacity 35404K, committed 35416K, reserved 1079296K
  class space    used 4751K, capacity 4989K, committed 4992K, reserved 1048576K
}
Event: 6.464 GC heap before
{Heap before GC invocations=10 (full 2):
 PSYoungGen      total 128000K, used 10731K [0x00000000e0000000, 0x00000000e8a80000, 0x0000000100000000)
  eden space 117248K, 0% used [0x00000000e0000000,0x00000000e0000000,0x00000000e7280000)
  from space 10752K, 99% used [0x00000000e7f00000,0x00000000e897ad00,0x00000000e8980000)
  to   space 12288K, 0% used [0x00000000e7280000,0x00000000e7280000,0x00000000e7e80000)
 ParOldGen       total 49664K, used 7882K [0x00000000a0000000, 0x00000000a3080000, 0x00000000e0000000)
  object space 49664K, 15% used [0x00000000a0000000,0x00000000a07b2a48,0x00000000a3080000)
 Metaspace       used 34777K, capacity 35404K, committed 35416K, reserved 1079296K
  class space    used 4751K, capacity 4989K, committed 4992K, reserved 1048576K
Event: 6.551 GC heap after
Heap after GC invocations=10 (full 2):
 PSYoungGen      total 128000K, used 0K [0x00000000e0000000, 0x00000000e8a80000, 0x0000000100000000)
  eden space 117248K, 0% used [0x00000000e0000000,0x00000000e0000000,0x00000000e7280000)
  from space 10752K, 0% used [0x00000000e7f00000,0x00000000e7f00000,0x00000000e8980000)
  to   space 12288K, 0% used [0x00000000e7280000,0x00000000e7280000,0x00000000e7e80000)
 ParOldGen       total 66560K, used 17088K [0x00000000a0000000, 0x00000000a4100000, 0x00000000e0000000)
  object space 66560K, 25% used [0x00000000a0000000,0x00000000a10b0220,0x00000000a4100000)
 Metaspace       used 34777K, capacity 35404K, committed 35416K, reserved 1079296K
  class space    used 4751K, capacity 4989K, committed 4992K, reserved 1048576K
}
Event: 8.944 GC heap before
{Heap before GC invocations=11 (full 2):
 PSYoungGen      total 128000K, used 117248K [0x00000000e0000000, 0x00000000e8a80000, 0x0000000100000000)
  eden space 117248K, 100% used [0x00000000e0000000,0x00000000e7280000,0x00000000e7280000)
  from space 10752K, 0% used [0x00000000e7f00000,0x00000000e7f00000,0x00000000e8980000)
  to   space 12288K, 0% used [0x00000000e7280000,0x00000000e7280000,0x00000000e7e80000)
 ParOldGen       total 66560K, used 17088K [0x00000000a0000000, 0x00000000a4100000, 0x00000000e0000000)
  object space 66560K, 25% used [0x00000000a0000000,0x00000000a10b0220,0x00000000a4100000)
 Metaspace       used 39619K, capacity 40506K, committed 40792K, reserved 1085440K
  class space    used 5372K, capacity 5673K, committed 5760K, reserved 1048576K
Event: 8.965 GC heap after
Heap after GC invocations=11 (full 2):
 PSYoungGen      total 129536K, used 11813K [0x00000000e0000000, 0x00000000ec000000, 0x0000000100000000)
  eden space 117248K, 0% used [0x00000000e0000000,0x00000000e0000000,0x00000000e7280000)
  from space 12288K, 96% used [0x00000000e7280000,0x00000000e7e09588,0x00000000e7e80000)
  to   space 13824K, 0% used [0x00000000eb280000,0x00000000eb280000,0x00000000ec000000)
 ParOldGen       total 66560K, used 17096K [0x00000000a0000000, 0x00000000a4100000, 0x00000000e0000000)
  object space 66560K, 25% used [0x00000000a0000000,0x00000000a10b2220,0x00000000a4100000)
 Metaspace       used 39619K, capacity 40506K, committed 40792K, reserved 1085440K
  class space    used 5372K, capacity 5673K, committed 5760K, reserved 1048576K
}
Event: 11.301 GC heap before
{Heap before GC invocations=12 (full 2):
 PSYoungGen      total 129536K, used 129061K [0x00000000e0000000, 0x00000000ec000000, 0x0000000100000000)
  eden space 117248K, 100% used [0x00000000e0000000,0x00000000e7280000,0x00000000e7280000)
  from space 12288K, 96% used [0x00000000e7280000,0x00000000e7e09588,0x00000000e7e80000)
  to   space 13824K, 0% used [0x00000000eb280000,0x00000000eb280000,0x00000000ec000000)
 ParOldGen       total 66560K, used 17096K [0x00000000a0000000, 0x00000000a4100000, 0x00000000e0000000)
  object space 66560K, 25% used [0x00000000a0000000,0x00000000a10b2220,0x00000000a4100000)
 Metaspace       used 50334K, capacity 51910K, committed 52184K, reserved 1093632K
  class space    used 6873K, capacity 7298K, committed 7424K, reserved 1048576K
Event: 11.329 GC heap after
Heap after GC invocations=12 (full 2):
 PSYoungGen      total 178688K, used 13798K [0x00000000e0000000, 0x00000000ec500000, 0x0000000100000000)
  eden space 164864K, 0% used [0x00000000e0000000,0x00000000e0000000,0x00000000ea100000)
  from space 13824K, 99% used [0x00000000eb280000,0x00000000ebff9990,0x00000000ec000000)
  to   space 17920K, 0% used [0x00000000ea100000,0x00000000ea100000,0x00000000eb280000)
 ParOldGen       total 66560K, used 23644K [0x00000000a0000000, 0x00000000a4100000, 0x00000000e0000000)
  object space 66560K, 35% used [0x00000000a0000000,0x00000000a17171f8,0x00000000a4100000)
 Metaspace       used 50334K, capacity 51910K, committed 52184K, reserved 1093632K
  class space    used 6873K, capacity 7298K, committed 7424K, reserved 1048576K
}

Deoptimization events (10 events):
Event: 11.689 Thread 0x0000000019b7a800 Uncommon trap: reason=class_check action=maybe_recompile pc=0x00000000039eeb00 method=com.google.common.collect.AbstractMapBasedMultimap$WrappedCollection.refreshIfEmpty()V @ 59
Event: 11.689 Thread 0x0000000019b7a800 Uncommon trap: reason=class_check action=maybe_recompile pc=0x00000000039eeb00 method=com.google.common.collect.AbstractMapBasedMultimap$WrappedCollection.refreshIfEmpty()V @ 59
Event: 11.689 Thread 0x0000000019b7a800 Uncommon trap: reason=class_check action=maybe_recompile pc=0x00000000039eeb00 method=com.google.common.collect.AbstractMapBasedMultimap$WrappedCollection.refreshIfEmpty()V @ 59
Event: 11.689 Thread 0x0000000019b7a800 Uncommon trap: reason=class_check action=maybe_recompile pc=0x00000000039eeb00 method=com.google.common.collect.AbstractMapBasedMultimap$WrappedCollection.refreshIfEmpty()V @ 59
Event: 11.774 Thread 0x0000000019b7a800 Uncommon trap: reason=unstable_if action=reinterpret pc=0x0000000003f169cc method=org.objectweb.asm.MethodWriter.visitVarInsn(II)V @ 122
Event: 11.774 Thread 0x0000000019b7a800 Uncommon trap: reason=unstable_if action=reinterpret pc=0x0000000003fff614 method=org.objectweb.asm.MethodWriter.visitFrame(Lorg/objectweb/asm/Frame;)V @ 62
Event: 11.828 Thread 0x0000000019b7a800 Uncommon trap: reason=bimorphic action=maybe_recompile pc=0x0000000003ffe060 method=com.google.common.collect.NaturalOrdering.compare(Ljava/lang/Comparable;Ljava/lang/Comparable;)I @ 12
Event: 11.828 Thread 0x0000000019b7a800 Uncommon trap: reason=bimorphic action=maybe_recompile pc=0x0000000003ffe060 method=com.google.common.collect.NaturalOrdering.compare(Ljava/lang/Comparable;Ljava/lang/Comparable;)I @ 12
Event: 15.790 Thread 0x00000000194f3800 Uncommon trap: reason=unstable_if action=reinterpret pc=0x000000000337d100 method=org.gradle.internal.logging.text.AbstractLineChoppingStyledTextOutput$2.execute(Lorg/gradle/internal/logging/text/AbstractLineChoppingStyledTextOutput$StateContext;)V @ 30
Event: 15.791 Thread 0x00000000194f3800 Uncommon trap: reason=unstable_if action=reinterpret pc=0x000000000334a74c method=org.gradle.internal.logging.text.AbstractLineChoppingStyledTextOutput$2.execute(Lorg/gradle/internal/logging/text/AbstractLineChoppingStyledTextOutput$StateContext;)V @ 30

Classes redefined (0 events):
No events

Internal exceptions (10 events):
Event: 11.939 Thread 0x0000000019b7a800 Exception <a 'java/lang/ClassNotFoundException': org/gradle/process/internal/DefaultExecAction_DecoratedBeanInfo> (0x00000000e2fdce20) thrown at [D:\src\AOSP-openjdk-cygwin\jdk8u\hotspot\src\share\vm\classfile\systemDictionary.cpp, line 210]
Event: 11.941 Thread 0x0000000019b7a800 Exception <a 'java/lang/ClassNotFoundException': org/gradle/process/internal/DefaultExecActionBeanInfo> (0x00000000e300b4d8) thrown at [D:\src\AOSP-openjdk-cygwin\jdk8u\hotspot\src\share\vm\classfile\systemDictionary.cpp, line 210]
Event: 11.942 Thread 0x0000000019b7a800 Exception <a 'java/lang/ClassNotFoundException': org/gradle/process/internal/DefaultExecHandleBuilderBeanInfo> (0x00000000e303d5a0) thrown at [D:\src\AOSP-openjdk-cygwin\jdk8u\hotspot\src\share\vm\classfile\systemDictionary.cpp, line 210]
Event: 11.943 Thread 0x0000000019b7a800 Exception <a 'java/lang/ClassNotFoundException': org/gradle/process/internal/AbstractExecHandleBuilderBeanInfo> (0x00000000e3070970) thrown at [D:\src\AOSP-openjdk-cygwin\jdk8u\hotspot\src\share\vm\classfile\systemDictionary.cpp, line 210]
Event: 11.944 Thread 0x0000000019b7a800 Exception <a 'java/lang/ClassNotFoundException': org/gradle/process/internal/DefaultProcessForkOptionsBeanInfo> (0x00000000e30a3f30) thrown at [D:\src\AOSP-openjdk-cygwin\jdk8u\hotspot\src\share\vm\classfile\systemDictionary.cpp, line 210]
Event: 11.944 Thread 0x0000000019b7a800 Exception <a 'java/lang/ClassNotFoundException': org/gradle/process/internal/DefaultProcessForkOptionsCustomizer> (0x00000000e30d7f88) thrown at [D:\src\AOSP-openjdk-cygwin\jdk8u\hotspot\src\share\vm\classfile\systemDictionary.cpp, line 210]
Event: 11.946 Thread 0x0000000019b7a800 Exception <a 'java/lang/ClassNotFoundException': org/gradle/process/internal/AbstractExecHandleBuilderCustomizer> (0x00000000e311e920) thrown at [D:\src\AOSP-openjdk-cygwin\jdk8u\hotspot\src\share\vm\classfile\systemDictionary.cpp, line 210]
Event: 11.947 Thread 0x0000000019b7a800 Exception <a 'java/lang/ClassNotFoundException': org/gradle/process/internal/DefaultExecHandleBuilderCustomizer> (0x00000000e3166ed8) thrown at [D:\src\AOSP-openjdk-cygwin\jdk8u\hotspot\src\share\vm\classfile\systemDictionary.cpp, line 210]
Event: 11.949 Thread 0x0000000019b7a800 Exception <a 'java/lang/ClassNotFoundException': org/gradle/process/internal/DefaultExecActionCustomizer> (0x00000000e31cbb80) thrown at [D:\src\AOSP-openjdk-cygwin\jdk8u\hotspot\src\share\vm\classfile\systemDictionary.cpp, line 210]
Event: 11.950 Thread 0x0000000019b7a800 Exception <a 'java/lang/ClassNotFoundException': org/gradle/process/internal/DefaultExecAction_DecoratedCustomizer> (0x00000000e3209f68) thrown at [D:\src\AOSP-openjdk-cygwin\jdk8u\hotspot\src\share\vm\classfile\systemDictionary.cpp, line 210]

Events (10 events):
Event: 15.797 Thread 0x0000000016907800 flushing nmethod 0x00000000036f51d0
Event: 15.799 Thread 0x0000000016907800 flushing nmethod 0x00000000037a5e50
Event: 15.799 Thread 0x0000000016907800 flushing nmethod 0x00000000037d3710
Event: 15.800 Thread 0x0000000016907800 flushing nmethod 0x000000000383eb90
Event: 15.800 Thread 0x0000000016907800 flushing nmethod 0x0000000003851e90
Event: 15.800 Thread 0x0000000016907800 flushing nmethod 0x0000000003855110
Event: 15.800 Thread 0x0000000016907800 flushing nmethod 0x000000000385af90
Event: 15.800 Thread 0x0000000016907800 flushing nmethod 0x000000000385cd50
Event: 15.800 Thread 0x0000000016907800 flushing nmethod 0x000000000391c290
Event: 15.800 Thread 0x0000000016907800 flushing nmethod 0x0000000003959490


Dynamic libraries:
0x00007ff728820000 - 0x00007ff728851000 	C:\Program Files\Android\Android Studio\jre\bin\java.exe
0x00007ffe02100000 - 0x00007ffe022f0000 	C:\WINDOWS\SYSTEM32\ntdll.dll
0x00007ffe01320000 - 0x00007ffe013d2000 	C:\WINDOWS\System32\KERNEL32.DLL
0x00007ffdfff00000 - 0x00007ffe001a3000 	C:\WINDOWS\System32\KERNELBASE.dll
0x00007ffe01270000 - 0x00007ffe01313000 	C:\WINDOWS\System32\ADVAPI32.dll
0x00007ffe002f0000 - 0x00007ffe0038e000 	C:\WINDOWS\System32\msvcrt.dll
0x00007ffe01e60000 - 0x00007ffe01ef7000 	C:\WINDOWS\System32\sechost.dll
0x00007ffe00390000 - 0x00007ffe004b0000 	C:\WINDOWS\System32\RPCRT4.dll
0x00007ffe00c00000 - 0x00007ffe00d94000 	C:\WINDOWS\System32\USER32.dll
0x00007ffdff1f0000 - 0x00007ffdff211000 	C:\WINDOWS\System32\win32u.dll
0x00007ffe01d80000 - 0x00007ffe01da6000 	C:\WINDOWS\System32\GDI32.dll
0x00007ffdffc10000 - 0x00007ffdffda4000 	C:\WINDOWS\System32\gdi32full.dll
0x00007ffdff3f0000 - 0x00007ffdff48e000 	C:\WINDOWS\System32\msvcp_win.dll
0x00007ffdff250000 - 0x00007ffdff34a000 	C:\WINDOWS\System32\ucrtbase.dll
0x00007ffdf6070000 - 0x00007ffdf62f5000 	C:\WINDOWS\WinSxS\amd64_microsoft.windows.common-controls_6595b64144ccf1df_6.0.18362.535_none_e6c3b34713100821\COMCTL32.dll
0x00007ffe013e0000 - 0x00007ffe01716000 	C:\WINDOWS\System32\combase.dll
0x00007ffdff350000 - 0x00007ffdff3d0000 	C:\WINDOWS\System32\bcryptPrimitives.dll
0x00007ffe00bd0000 - 0x00007ffe00bfe000 	C:\WINDOWS\System32\IMM32.DLL
0x000000006b020000 - 0x000000006b0f2000 	C:\Program Files\Android\Android Studio\jre\jre\bin\msvcr100.dll
0x000000006a7d0000 - 0x000000006b016000 	C:\Program Files\Android\Android Studio\jre\jre\bin\server\jvm.dll
0x00007ffe01b30000 - 0x00007ffe01b38000 	C:\WINDOWS\System32\PSAPI.DLL
0x00007ffdf0840000 - 0x00007ffdf0849000 	C:\WINDOWS\SYSTEM32\WSOCK32.dll
0x00007ffdfcd30000 - 0x00007ffdfcd54000 	C:\WINDOWS\SYSTEM32\WINMM.dll
0x00007ffe01f00000 - 0x00007ffe01f6f000 	C:\WINDOWS\System32\WS2_32.dll
0x00007ffdf9320000 - 0x00007ffdf932a000 	C:\WINDOWS\SYSTEM32\VERSION.dll
0x00007ffdfcd00000 - 0x00007ffdfcd2d000 	C:\WINDOWS\SYSTEM32\WINMMBASE.dll
0x00007ffdff1a0000 - 0x00007ffdff1ea000 	C:\WINDOWS\System32\cfgmgr32.dll
0x00007ffdf7e20000 - 0x00007ffdf7e2f000 	C:\Program Files\Android\Android Studio\jre\jre\bin\verify.dll
0x00007ffdf5550000 - 0x00007ffdf5579000 	C:\Program Files\Android\Android Studio\jre\jre\bin\java.dll
0x00007ffdf55a0000 - 0x00007ffdf55b6000 	C:\Program Files\Android\Android Studio\jre\jre\bin\zip.dll
0x00007ffe004d0000 - 0x00007ffe00bb5000 	C:\WINDOWS\System32\SHELL32.dll
0x00007ffe01db0000 - 0x00007ffe01e59000 	C:\WINDOWS\System32\shcore.dll
0x00007ffdff490000 - 0x00007ffdffc0f000 	C:\WINDOWS\System32\windows.storage.dll
0x00007ffdfefe0000 - 0x00007ffdfefff000 	C:\WINDOWS\System32\profapi.dll
0x00007ffdff000000 - 0x00007ffdff04a000 	C:\WINDOWS\System32\powrprof.dll
0x00007ffdfefd0000 - 0x00007ffdfefe0000 	C:\WINDOWS\System32\UMPDC.dll
0x00007ffe00da0000 - 0x00007ffe00df2000 	C:\WINDOWS\System32\shlwapi.dll
0x00007ffdff070000 - 0x00007ffdff081000 	C:\WINDOWS\System32\kernel.appcore.dll
0x00007ffdff3d0000 - 0x00007ffdff3e7000 	C:\WINDOWS\System32\cryptsp.dll
0x00007ffdf46f0000 - 0x00007ffdf470a000 	C:\Program Files\Android\Android Studio\jre\jre\bin\net.dll
0x00007ffdfe840000 - 0x00007ffdfe8a7000 	C:\WINDOWS\system32\mswsock.dll
0x00007ffdd21b0000 - 0x00007ffdd21c1000 	C:\Program Files\Android\Android Studio\jre\jre\bin\nio.dll
0x00007ffdf3ca0000 - 0x00007ffdf3cbe000 	C:\Users\Admin\.gradle\native\25\windows-amd64\native-platform.dll
0x00007ffdd7ee0000 - 0x00007ffdd7eed000 	C:\Program Files\Android\Android Studio\jre\jre\bin\management.dll
0x00007ffdfe3b0000 - 0x00007ffdfe3e3000 	C:\WINDOWS\system32\rsaenh.dll
0x00007ffdff220000 - 0x00007ffdff246000 	C:\WINDOWS\System32\bcrypt.dll
0x00007ffdfeef0000 - 0x00007ffdfef15000 	C:\WINDOWS\SYSTEM32\USERENV.dll
0x00007ffdfea10000 - 0x00007ffdfea1c000 	C:\WINDOWS\SYSTEM32\CRYPTBASE.dll
0x00007ffdfe550000 - 0x00007ffdfe58a000 	C:\WINDOWS\SYSTEM32\IPHLPAPI.DLL
0x00007ffe00bc0000 - 0x00007ffe00bc8000 	C:\WINDOWS\System32\NSI.dll
0x00007ffdf8800000 - 0x00007ffdf8816000 	C:\WINDOWS\SYSTEM32\dhcpcsvc6.DLL
0x00007ffdf87e0000 - 0x00007ffdf87fc000 	C:\WINDOWS\SYSTEM32\dhcpcsvc.DLL
0x00007ffdfe5a0000 - 0x00007ffdfe66a000 	C:\WINDOWS\SYSTEM32\DNSAPI.dll

VM Arguments:
jvm_args: -Xmx1536M -Dfile.encoding=windows-1252 -Duser.country=IN -Duser.language=en -Duser.variant 
java_command: org.gradle.launcher.daemon.bootstrap.GradleDaemon 4.1
java_class_path (initial): C:\Users\Admin\.gradle\wrapper\dists\gradle-4.1-all\bzyivzo6n839fup2jbap0tjew\gradle-4.1\lib\gradle-launcher-4.1.jar
Launcher Type: SUN_STANDARD

Environment Variables:
JAVA_HOME=C:\Program Files\Android\Android Studio\jre
CLASSPATH=C:\Users\Admin\FlutterProjects\Flutter-Movie-List-App\android\\gradle\wrapper\gradle-wrapper.jar
USERNAME=Admin
OS=Windows_NT
PROCESSOR_IDENTIFIER=Intel64 Family 6 Model 142 Stepping 9, GenuineIntel



---------------  S Y S T E M  ---------------

OS: Windows 10.0 , 64 bit Build 18362 (10.0.18362.329)

CPU:total 4 (initial active 4) (2 cores per cpu, 2 threads per core) family 6 model 142 stepping 9, cmov, cx8, fxsr, mmx, sse, sse2, sse3, ssse3, sse4.1, sse4.2, popcnt, avx, avx2, aes, clmul, erms, 3dnowpref, lzcnt, ht, tsc, tscinvbit, bmi1, bmi2, adx

Memory: 4k page, physical 8271076k(1125808k free), swap 8271076k(4076k free)

vm_info: OpenJDK 64-Bit Server VM (25.202-b03) for windows-amd64 JRE (1.8.0_202-release-1483-b03), built by "builder" with MS VC++ 10.0 (VS2010)

time: Thu Jan 16 21:11:57 2020
timezone: India Standard Time
elapsed time: 15 seconds (0d 0h 0m 15s)

