#
# There is insufficient memory for the Java Runtime Environment to continue.
# Native memory allocation (malloc) failed to allocate 32744 bytes for ChunkPool::allocate
# Possible reasons:
#   The system is out of physical RAM or swap space
#   The process is running with CompressedOops enabled, and the Java Heap may be blocking the growth of the native heap
# Possible solutions:
#   Reduce memory load on the system
#   Increase physical memory or swap space
#   Check if swap backing store is full
#   Decrease Java heap size (-Xmx/-Xms)
#   Decrease number of Java threads
#   Decrease Java thread stack sizes (-Xss)
#   Set larger code cache with -XX:ReservedCodeCacheSize=
#   JVM is running with Unscaled Compressed Oops mode in which the Java heap is
#     placed in the first 4GB address space. The Java Heap base address is the
#     maximum limit for the native heap growth. Please use -XX:HeapBaseMinAddress
#     to set the Java Heap base and to place the Java Heap above 4GB virtual address.
# This output file may be truncated or incomplete.
#
#  Out of Memory Error (allocation.cpp:272), pid=5824, tid=0x0000000000003278
#
# JRE version: OpenJDK Runtime Environment (8.0_202-b03) (build 1.8.0_202-release-1483-b03)
# Java VM: OpenJDK 64-Bit Server VM (25.202-b03 mixed mode windows-amd64 compressed oops)
# Failed to write core dump. Minidumps are not enabled by default on client versions of Windows
#

---------------  T H R E A D  ---------------

Current thread (0x00000000163b8800):  JavaThread "C1 CompilerThread2" daemon [_thread_in_native, id=12920, stack(0x0000000017c10000,0x0000000017d10000)]

Stack: [0x0000000017c10000,0x0000000017d10000]
[error occurred during error reporting (printing stack bounds), id 0xc0000005]

Native frames: (J=compiled Java code, j=interpreted, Vv=VM code, C=native code)


Current CompileTask:
C1:  53415 6055       3       org.gradle.cache.internal.DefaultFileLockManager$DefaultFileLock::assertOpenAndIntegral (41 bytes)


---------------  P R O C E S S  ---------------

Java Threads: ( => current thread )
  0x000000001edb5800 JavaThread "Forward streams with process: command 'C:\src\flutter\bin\flutter.bat' Thread 3" [_thread_in_native, id=4304, stack(0x0000000022630000,0x0000000022730000)]
  0x000000001edba000 JavaThread "Forward streams with process: command 'C:\src\flutter\bin\flutter.bat' Thread 2" [_thread_in_native, id=12020, stack(0x0000000022530000,0x0000000022630000)]
  0x000000001edba800 JavaThread "Forward streams with process: command 'C:\src\flutter\bin\flutter.bat'" [_thread_blocked, id=12516, stack(0x0000000022430000,0x0000000022530000)]
  0x000000001edb3000 JavaThread "Run command 'C:\src\flutter\bin\flutter.bat'" [_thread_in_native, id=8620, stack(0x0000000022330000,0x0000000022430000)]
  0x000000001edb2800 JavaThread "Task worker for ':' Thread 3" [_thread_blocked, id=12092, stack(0x0000000021de0000,0x0000000021ee0000)]
  0x000000001edb9000 JavaThread "Task worker for ':' Thread 2" [_thread_blocked, id=6892, stack(0x0000000021ce0000,0x0000000021de0000)]
  0x000000001edb8800 JavaThread "Task worker for ':'" [_thread_blocked, id=11324, stack(0x0000000021be0000,0x0000000021ce0000)]
  0x000000001edb6000 JavaThread "Cache worker for task history cache (C:\Users\Admin\FlutterProjects\Flutter-Movie-List-App\android\.gradle\4.1\taskHistory)" [_thread_blocked, id=5044, stack(0x0000000021ae0000,0x0000000021be0000)]
  0x000000001edb7800 JavaThread "Cache worker for file content cache (C:\Users\Admin\FlutterProjects\Flutter-Movie-List-App\android\.gradle\4.1\fileContent)" [_thread_blocked, id=13204, stack(0x00000000201d0000,0x00000000202d0000)]
  0x00000000183f6800 JavaThread "Memory manager" [_thread_blocked, id=11432, stack(0x000000001e670000,0x000000001e770000)]
  0x00000000183f3000 JavaThread "pool-1-thread-1" [_thread_blocked, id=5740, stack(0x0000000000de0000,0x0000000000ee0000)]
  0x00000000183f7800 JavaThread "build operations Thread 4" [_thread_blocked, id=12860, stack(0x000000001df70000,0x000000001e070000)]
  0x00000000183f6000 JavaThread "build operations Thread 3" [_thread_blocked, id=10288, stack(0x000000001de70000,0x000000001df70000)]
  0x00000000183f3800 JavaThread "build operations Thread 2" [_thread_blocked, id=12652, stack(0x000000001db20000,0x000000001dc20000)]
  0x00000000183f2000 JavaThread "build operations" [_thread_blocked, id=7816, stack(0x000000001d920000,0x000000001da20000)]
  0x00000000183f4800 JavaThread "Cache worker for Artifact transforms cache (C:\Users\Admin\.gradle\caches\transforms-1)" [_thread_blocked, id=11116, stack(0x000000001d400000,0x000000001d500000)]
  0x000000001878a000 JavaThread "Cache worker for file hash cache (C:\Users\Admin\FlutterProjects\Flutter-Movie-List-App\android\.gradle\4.1\fileHashes)" [_thread_blocked, id=10164, stack(0x000000001bf30000,0x000000001c030000)]
  0x0000000017dc9800 JavaThread "File lock request listener" [_thread_in_native, id=6320, stack(0x000000001ac60000,0x000000001ad60000)]
  0x00000000192cf800 JavaThread "Cache worker for file hash cache (C:\Users\Admin\.gradle\caches\4.1\fileHashes)" [_thread_blocked, id=12828, stack(0x000000001ab60000,0x000000001ac60000)]
  0x0000000019214000 JavaThread "Stdin handler" [_thread_blocked, id=744, stack(0x000000001aa60000,0x000000001ab60000)]
  0x0000000019228800 JavaThread "Asynchronous log dispatcher for DefaultDaemonConnection: socket connection from /127.0.0.1:52621 to /127.0.0.1:52622" [_thread_blocked, id=7540, stack(0x000000001a960000,0x000000001aa60000)]
  0x000000001910b000 JavaThread "Daemon worker" [_thread_blocked, id=1724, stack(0x000000001a860000,0x000000001a960000)]
  0x0000000019110800 JavaThread "Cancel handler" [_thread_blocked, id=1968, stack(0x000000001a760000,0x000000001a860000)]
  0x000000001919d000 JavaThread "Handler for socket connection from /127.0.0.1:52621 to /127.0.0.1:52622" [_thread_in_native, id=11148, stack(0x000000001a460000,0x000000001a560000)]
  0x000000001919c800 JavaThread "Daemon" [_thread_blocked, id=9768, stack(0x000000001a360000,0x000000001a460000)]
  0x00000000190b2000 JavaThread "Daemon periodic checks" [_thread_blocked, id=2948, stack(0x000000001a260000,0x000000001a360000)]
  0x0000000019093800 JavaThread "Incoming local TCP Connector on port 52621" [_thread_in_native, id=12644, stack(0x000000001a020000,0x000000001a120000)]
  0x0000000017d48800 JavaThread "Service Thread" daemon [_thread_blocked, id=7572, stack(0x0000000018110000,0x0000000018210000)]
=>0x00000000163b8800 JavaThread "C1 CompilerThread2" daemon [_thread_in_native, id=12920, stack(0x0000000017c10000,0x0000000017d10000)]
  0x00000000163ab000 JavaThread "C2 CompilerThread1" daemon [_thread_blocked, id=8824, stack(0x0000000017b10000,0x0000000017c10000)]
  0x00000000163a4000 JavaThread "C2 CompilerThread0" daemon [_thread_blocked, id=8228, stack(0x0000000017a10000,0x0000000017b10000)]
  0x00000000163a1000 JavaThread "Attach Listener" daemon [_thread_blocked, id=8892, stack(0x0000000017910000,0x0000000017a10000)]
  0x00000000163a0000 JavaThread "Signal Dispatcher" daemon [_thread_blocked, id=12632, stack(0x0000000017810000,0x0000000017910000)]
  0x0000000002a2c800 JavaThread "Finalizer" daemon [_thread_blocked, id=8352, stack(0x0000000017610000,0x0000000017710000)]
  0x0000000002a24000 JavaThread "Reference Handler" daemon [_thread_blocked, id=2192, stack(0x0000000017510000,0x0000000017610000)]
  0x0000000002933800 JavaThread "main" [_thread_blocked, id=6688, stack(0x0000000002800000,0x0000000002900000)]

Other Threads:
  0x0000000016366000 VMThread [stack: 0x0000000017410000,0x0000000017510000] [id=9052]
  0x0000000017d49800 WatcherThread [stack: 0x0000000018210000,0x0000000018310000] [id=5728]

VM state:not at safepoint (normal execution)

VM Mutex/Monitor currently owned by a thread: None

heap address: 0x00000000a0000000, size: 1536 MB, Compressed Oops mode: 32-bit
Narrow klass base: 0x0000000000000000, Narrow klass shift: 3
Compressed class space size: 1073741824 Address: 0x0000000100000000

Heap:
 PSYoungGen      total 213504K, used 40184K [0x00000000e0000000, 0x00000000eec80000, 0x0000000100000000)
  eden space 199168K, 12% used [0x00000000e0000000,0x00000000e193e698,0x00000000ec280000)
  from space 14336K, 99% used [0x00000000ed580000,0x00000000ee37f970,0x00000000ee380000)
  to   space 19456K, 0% used [0x00000000ec280000,0x00000000ec280000,0x00000000ed580000)
 ParOldGen       total 57856K, used 26739K [0x00000000a0000000, 0x00000000a3880000, 0x00000000e0000000)
  object space 57856K, 46% used [0x00000000a0000000,0x00000000a1a1ccc0,0x00000000a3880000)
 Metaspace       used 51854K, capacity 53650K, committed 53976K, reserved 1095680K
  class space    used 7131K, capacity 7561K, committed 7680K, reserved 1048576K

Card table byte_map: [0x0000000011df0000,0x0000000012100000] byte_map_base: 0x00000000118f0000

Marking Bits: (ParMarkBitMap*) 0x000000006af99f30
 Begin Bits: [0x0000000012700000, 0x0000000013f00000)
 End Bits:   [0x0000000013f00000, 0x0000000015700000)

Polling page: 0x0000000000f60000

CodeCache: size=245760Kb used=19312Kb max_used=19901Kb free=226447Kb
 bounds [0x0000000002a30000, 0x0000000003db0000, 0x0000000011a30000]
 total_blobs=6423 nmethods=5650 adapters=685
 compilation: enabled

Compilation events (10 events):
Event: 48.816 Thread 0x00000000163b8800 6051       3       java.lang.ProcessEnvironment$EntryComparator::compare (25 bytes)
Event: 48.816 Thread 0x00000000163b8800 nmethod 6051 0x0000000002bc6950 code [0x0000000002bc6b00, 0x0000000002bc70c8]
Event: 48.817 Thread 0x00000000163b8800 6052       3       java.lang.ProcessEnvironment::access$300 (4 bytes)
Event: 48.817 Thread 0x00000000163b8800 nmethod 6052 0x0000000002b71c90 code [0x0000000002b71de0, 0x0000000002b71f10]
Event: 48.857 Thread 0x00000000163a4000 6053       4       java.util.concurrent.ConcurrentLinkedQueue::poll (85 bytes)
Event: 48.861 Thread 0x00000000163a4000 nmethod 6053 0x00000000032f6b50 code [0x00000000032f6cc0, 0x00000000032f6ef0]
Event: 48.863 Thread 0x00000000163b8800 6054       3       java.util.concurrent.locks.AbstractQueuedSynchronizer::acquire (27 bytes)
Event: 48.864 Thread 0x00000000163b8800 nmethod 6054 0x0000000002bd07d0 code [0x0000000002bd0980, 0x0000000002bd0e38]
Event: 48.895 Thread 0x00000000163ab000 nmethod 5959 0x0000000003172090 code [0x0000000003172be0, 0x000000000317dc38]
Event: 53.334 Thread 0x00000000163b8800 6055       3       org.gradle.cache.internal.DefaultFileLockManager$DefaultFileLock::assertOpenAndIntegral (41 bytes)

GC Heap History (10 events):
Event: 25.296 GC heap before
{Heap before GC invocations=8 (full 1):
 PSYoungGen      total 77312K, used 70394K [0x00000000e0000000, 0x00000000e5780000, 0x0000000100000000)
  eden space 66048K, 100% used [0x00000000e0000000,0x00000000e4080000,0x00000000e4080000)
  from space 11264K, 38% used [0x00000000e4c80000,0x00000000e50bea68,0x00000000e5780000)
  to   space 11776K, 0% used [0x00000000e4080000,0x00000000e4080000,0x00000000e4c00000)
 ParOldGen       total 50176K, used 10029K [0x00000000a0000000, 0x00000000a3100000, 0x00000000e0000000)
  object space 50176K, 19% used [0x00000000a0000000,0x00000000a09cb540,0x00000000a3100000)
 Metaspace       used 28263K, capacity 28614K, committed 28672K, reserved 1073152K
  class space    used 3920K, capacity 4058K, committed 4096K, reserved 1048576K
Event: 25.306 GC heap after
Heap after GC invocations=8 (full 1):
 PSYoungGen      total 77824K, used 7105K [0x00000000e0000000, 0x00000000e9600000, 0x0000000100000000)
  eden space 66048K, 0% used [0x00000000e0000000,0x00000000e0000000,0x00000000e4080000)
  from space 11776K, 60% used [0x00000000e4080000,0x00000000e4770560,0x00000000e4c00000)
  to   space 11264K, 0% used [0x00000000e8b00000,0x00000000e8b00000,0x00000000e9600000)
 ParOldGen       total 50176K, used 10037K [0x00000000a0000000, 0x00000000a3100000, 0x00000000e0000000)
  object space 50176K, 20% used [0x00000000a0000000,0x00000000a09cd540,0x00000000a3100000)
 Metaspace       used 28263K, capacity 28614K, committed 28672K, reserved 1073152K
  class space    used 3920K, capacity 4058K, committed 4096K, reserved 1048576K
}
Event: 36.051 GC heap before
{Heap before GC invocations=9 (full 1):
 PSYoungGen      total 77824K, used 60844K [0x00000000e0000000, 0x00000000e9600000, 0x0000000100000000)
  eden space 66048K, 81% used [0x00000000e0000000,0x00000000e347ac90,0x00000000e4080000)
  from space 11776K, 60% used [0x00000000e4080000,0x00000000e4770560,0x00000000e4c00000)
  to   space 11264K, 0% used [0x00000000e8b00000,0x00000000e8b00000,0x00000000e9600000)
 ParOldGen       total 50176K, used 10037K [0x00000000a0000000, 0x00000000a3100000, 0x00000000e0000000)
  object space 50176K, 20% used [0x00000000a0000000,0x00000000a09cd540,0x00000000a3100000)
 Metaspace       used 34800K, capacity 35402K, committed 35416K, reserved 1079296K
  class space    used 4751K, capacity 4988K, committed 4992K, reserved 1048576K
Event: 36.063 GC heap after
Heap after GC invocations=9 (full 1):
 PSYoungGen      total 141312K, used 10522K [0x00000000e0000000, 0x00000000e9780000, 0x0000000100000000)
  eden space 130048K, 0% used [0x00000000e0000000,0x00000000e0000000,0x00000000e7f00000)
  from space 11264K, 93% used [0x00000000e8b00000,0x00000000e9546b10,0x00000000e9600000)
  to   space 12288K, 0% used [0x00000000e7f00000,0x00000000e7f00000,0x00000000e8b00000)
 ParOldGen       total 50176K, used 10045K [0x00000000a0000000, 0x00000000a3100000, 0x00000000e0000000)
  object space 50176K, 20% used [0x00000000a0000000,0x00000000a09cf540,0x00000000a3100000)
 Metaspace       used 34800K, capacity 35402K, committed 35416K, reserved 1079296K
  class space    used 4751K, capacity 4988K, committed 4992K, reserved 1048576K
}
Event: 36.063 GC heap before
{Heap before GC invocations=10 (full 2):
 PSYoungGen      total 141312K, used 10522K [0x00000000e0000000, 0x00000000e9780000, 0x0000000100000000)
  eden space 130048K, 0% used [0x00000000e0000000,0x00000000e0000000,0x00000000e7f00000)
  from space 11264K, 93% used [0x00000000e8b00000,0x00000000e9546b10,0x00000000e9600000)
  to   space 12288K, 0% used [0x00000000e7f00000,0x00000000e7f00000,0x00000000e8b00000)
 ParOldGen       total 50176K, used 10045K [0x00000000a0000000, 0x00000000a3100000, 0x00000000e0000000)
  object space 50176K, 20% used [0x00000000a0000000,0x00000000a09cf540,0x00000000a3100000)
 Metaspace       used 34800K, capacity 35402K, committed 35416K, reserved 1079296K
  class space    used 4751K, capacity 4988K, committed 4992K, reserved 1048576K
Event: 36.143 GC heap after
Heap after GC invocations=10 (full 2):
 PSYoungGen      total 141312K, used 0K [0x00000000e0000000, 0x00000000e9780000, 0x0000000100000000)
  eden space 130048K, 0% used [0x00000000e0000000,0x00000000e0000000,0x00000000e7f00000)
  from space 11264K, 0% used [0x00000000e8b00000,0x00000000e8b00000,0x00000000e9600000)
  to   space 12288K, 0% used [0x00000000e7f00000,0x00000000e7f00000,0x00000000e8b00000)
 ParOldGen       total 57856K, used 16944K [0x00000000a0000000, 0x00000000a3880000, 0x00000000e0000000)
  object space 57856K, 29% used [0x00000000a0000000,0x00000000a108c000,0x00000000a3880000)
 Metaspace       used 34800K, capacity 35402K, committed 35416K, reserved 1079296K
  class space    used 4751K, capacity 4988K, committed 4992K, reserved 1048576K
}
Event: 40.419 GC heap before
{Heap before GC invocations=11 (full 2):
 PSYoungGen      total 141312K, used 130048K [0x00000000e0000000, 0x00000000e9780000, 0x0000000100000000)
  eden space 130048K, 100% used [0x00000000e0000000,0x00000000e7f00000,0x00000000e7f00000)
  from space 11264K, 0% used [0x00000000e8b00000,0x00000000e8b00000,0x00000000e9600000)
  to   space 12288K, 0% used [0x00000000e7f00000,0x00000000e7f00000,0x00000000e8b00000)
 ParOldGen       total 57856K, used 16944K [0x00000000a0000000, 0x00000000a3880000, 0x00000000e0000000)
  object space 57856K, 29% used [0x00000000a0000000,0x00000000a108c000,0x00000000a3880000)
 Metaspace       used 40077K, capacity 41040K, committed 41176K, reserved 1085440K
  class space    used 5450K, capacity 5785K, committed 5888K, reserved 1048576K
Event: 40.443 GC heap after
Heap after GC invocations=11 (full 2):
 PSYoungGen      total 142336K, used 12259K [0x00000000e0000000, 0x00000000ee380000, 0x0000000100000000)
  eden space 130048K, 0% used [0x00000000e0000000,0x00000000e0000000,0x00000000e7f00000)
  from space 12288K, 99% used [0x00000000e7f00000,0x00000000e8af8e88,0x00000000e8b00000)
  to   space 14336K, 0% used [0x00000000ed580000,0x00000000ed580000,0x00000000ee380000)
 ParOldGen       total 57856K, used 18228K [0x00000000a0000000, 0x00000000a3880000, 0x00000000e0000000)
  object space 57856K, 31% used [0x00000000a0000000,0x00000000a11cd028,0x00000000a3880000)
 Metaspace       used 40077K, capacity 41040K, committed 41176K, reserved 1085440K
  class space    used 5450K, capacity 5785K, committed 5888K, reserved 1048576K
}
Event: 48.179 GC heap before
{Heap before GC invocations=12 (full 2):
 PSYoungGen      total 142336K, used 142307K [0x00000000e0000000, 0x00000000ee380000, 0x0000000100000000)
  eden space 130048K, 100% used [0x00000000e0000000,0x00000000e7f00000,0x00000000e7f00000)
  from space 12288K, 99% used [0x00000000e7f00000,0x00000000e8af8e88,0x00000000e8b00000)
  to   space 14336K, 0% used [0x00000000ed580000,0x00000000ed580000,0x00000000ee380000)
 ParOldGen       total 57856K, used 18228K [0x00000000a0000000, 0x00000000a3880000, 0x00000000e0000000)
  object space 57856K, 31% used [0x00000000a0000000,0x00000000a11cd028,0x00000000a3880000)
 Metaspace       used 50687K, capacity 52284K, committed 52440K, reserved 1093632K
  class space    used 6938K, capacity 7348K, committed 7424K, reserved 1048576K
Event: 48.210 GC heap after
Heap after GC invocations=12 (full 2):
 PSYoungGen      total 213504K, used 14334K [0x00000000e0000000, 0x00000000eec80000, 0x0000000100000000)
  eden space 199168K, 0% used [0x00000000e0000000,0x00000000e0000000,0x00000000ec280000)
  from space 14336K, 99% used [0x00000000ed580000,0x00000000ee37f970,0x00000000ee380000)
  to   space 19456K, 0% used [0x00000000ec280000,0x00000000ec280000,0x00000000ed580000)
 ParOldGen       total 57856K, used 26739K [0x00000000a0000000, 0x00000000a3880000, 0x00000000e0000000)
  object space 57856K, 46% used [0x00000000a0000000,0x00000000a1a1ccc0,0x00000000a3880000)
 Metaspace       used 50687K, capacity 52284K, committed 52440K, reserved 1093632K
  class space    used 6938K, capacity 7348K, committed 7424K, reserved 1048576K
}

Deoptimization events (10 events):
Event: 48.705 Thread 0x000000001edb2800 Uncommon trap: reason=bimorphic action=maybe_recompile pc=0x0000000003b08020 method=com.google.common.collect.NaturalOrdering.compare(Ljava/lang/Comparable;Ljava/lang/Comparable;)I @ 12
Event: 48.712 Thread 0x000000001edb6000 Uncommon trap: reason=bimorphic action=maybe_recompile pc=0x0000000002caf2a4 method=java.io.DataOutputStream.writeShort(I)V @ 12
Event: 48.736 Thread 0x000000001edb2800 Uncommon trap: reason=class_check action=maybe_recompile pc=0x0000000003c1b89c method=com.google.common.collect.AbstractIterator.tryToComputeNext()Z @ 9
Event: 48.736 Thread 0x000000001edb2800 Uncommon trap: reason=class_check action=maybe_recompile pc=0x0000000003c1b89c method=com.google.common.collect.AbstractIterator.tryToComputeNext()Z @ 9
Event: 48.737 Thread 0x000000001edb2800 Uncommon trap: reason=class_check action=maybe_recompile pc=0x0000000003c1b89c method=com.google.common.collect.AbstractIterator.tryToComputeNext()Z @ 9
Event: 48.737 Thread 0x000000001edb2800 Uncommon trap: reason=class_check action=maybe_recompile pc=0x0000000003c1b89c method=com.google.common.collect.AbstractIterator.tryToComputeNext()Z @ 9
Event: 48.808 Thread 0x000000001edb2800 Uncommon trap: reason=predicate action=maybe_recompile pc=0x0000000003c86354 method=java.util.Arrays$ArrayList.indexOf(Ljava/lang/Object;)I @ 42
Event: 53.344 Thread 0x000000001edba000 Uncommon trap: reason=unstable_if action=reinterpret pc=0x0000000002e21c1c method=org.gradle.internal.logging.text.AbstractLineChoppingStyledTextOutput$2.execute(Lorg/gradle/internal/logging/text/AbstractLineChoppingStyledTextOutput$StateContext;)V @ 30
Event: 53.344 Thread 0x000000001edba000 Uncommon trap: reason=unstable_if action=reinterpret pc=0x0000000002debe4c method=org.gradle.internal.logging.text.AbstractLineChoppingStyledTextOutput$2.execute(Lorg/gradle/internal/logging/text/AbstractLineChoppingStyledTextOutput$StateContext;)V @ 30
Event: 53.345 Thread 0x000000001edba000 Uncommon trap: reason=unstable_if action=reinterpret pc=0x0000000002dee0ac method=org.gradle.internal.logging.text.AbstractLineChoppingStyledTextOutput$2.execute(Lorg/gradle/internal/logging/text/AbstractLineChoppingStyledTextOutput$StateContext;)V @ 30

Classes redefined (0 events):
No events

Internal exceptions (10 events):
Event: 48.784 Thread 0x000000001edb2800 Exception <a 'java/lang/ClassNotFoundException': org/gradle/process/internal/DefaultExecAction_DecoratedBeanInfo> (0x00000000e13b5c88) thrown at [D:\src\AOSP-openjdk-cygwin\jdk8u\hotspot\src\share\vm\classfile\systemDictionary.cpp, line 210]
Event: 48.784 Thread 0x000000001edb2800 Exception <a 'java/lang/ClassNotFoundException': org/gradle/process/internal/DefaultExecActionBeanInfo> (0x00000000e13e11f0) thrown at [D:\src\AOSP-openjdk-cygwin\jdk8u\hotspot\src\share\vm\classfile\systemDictionary.cpp, line 210]
Event: 48.785 Thread 0x000000001edb2800 Exception <a 'java/lang/ClassNotFoundException': org/gradle/process/internal/DefaultExecHandleBuilderBeanInfo> (0x00000000e140fd58) thrown at [D:\src\AOSP-openjdk-cygwin\jdk8u\hotspot\src\share\vm\classfile\systemDictionary.cpp, line 210]
Event: 48.786 Thread 0x000000001edb2800 Exception <a 'java/lang/ClassNotFoundException': org/gradle/process/internal/AbstractExecHandleBuilderBeanInfo> (0x00000000e143f428) thrown at [D:\src\AOSP-openjdk-cygwin\jdk8u\hotspot\src\share\vm\classfile\systemDictionary.cpp, line 210]
Event: 48.786 Thread 0x000000001edb2800 Exception <a 'java/lang/ClassNotFoundException': org/gradle/process/internal/DefaultProcessForkOptionsBeanInfo> (0x00000000e146eb60) thrown at [D:\src\AOSP-openjdk-cygwin\jdk8u\hotspot\src\share\vm\classfile\systemDictionary.cpp, line 210]
Event: 48.787 Thread 0x000000001edb2800 Exception <a 'java/lang/ClassNotFoundException': org/gradle/process/internal/DefaultProcessForkOptionsCustomizer> (0x00000000e149ecd0) thrown at [D:\src\AOSP-openjdk-cygwin\jdk8u\hotspot\src\share\vm\classfile\systemDictionary.cpp, line 210]
Event: 48.788 Thread 0x000000001edb2800 Exception <a 'java/lang/ClassNotFoundException': org/gradle/process/internal/AbstractExecHandleBuilderCustomizer> (0x00000000e14e17e0) thrown at [D:\src\AOSP-openjdk-cygwin\jdk8u\hotspot\src\share\vm\classfile\systemDictionary.cpp, line 210]
Event: 48.789 Thread 0x000000001edb2800 Exception <a 'java/lang/ClassNotFoundException': org/gradle/process/internal/DefaultExecHandleBuilderCustomizer> (0x00000000e15269e8) thrown at [D:\src\AOSP-openjdk-cygwin\jdk8u\hotspot\src\share\vm\classfile\systemDictionary.cpp, line 210]
Event: 48.790 Thread 0x000000001edb2800 Exception <a 'java/lang/ClassNotFoundException': org/gradle/process/internal/DefaultExecActionCustomizer> (0x00000000e1588140) thrown at [D:\src\AOSP-openjdk-cygwin\jdk8u\hotspot\src\share\vm\classfile\systemDictionary.cpp, line 210]
Event: 48.791 Thread 0x000000001edb2800 Exception <a 'java/lang/ClassNotFoundException': org/gradle/process/internal/DefaultExecAction_DecoratedCustomizer> (0x00000000e15c3440) thrown at [D:\src\AOSP-openjdk-cygwin\jdk8u\hotspot\src\share\vm\classfile\systemDictionary.cpp, line 210]

Events (10 events):
Event: 53.343 loading class org/gradle/internal/logging/events/StyledTextOutputEvent$Span done
Event: 53.344 Thread 0x000000001edba000 Uncommon trap: trap_request=0xffffff65 fr.pc=0x0000000002e21c1c
Event: 53.344 Thread 0x000000001edba000 DEOPT PACKING pc=0x0000000002e21c1c sp=0x000000002262e420
Event: 53.344 Thread 0x000000001edba000 DEOPT UNPACKING pc=0x0000000002a7557b sp=0x000000002262e280 mode 2
Event: 53.344 Thread 0x000000001edba000 Uncommon trap: trap_request=0xffffff65 fr.pc=0x0000000002debe4c
Event: 53.344 Thread 0x000000001edba000 DEOPT PACKING pc=0x0000000002debe4c sp=0x000000002262e3d0
Event: 53.344 Thread 0x000000001edba000 DEOPT UNPACKING pc=0x0000000002a7557b sp=0x000000002262e268 mode 2
Event: 53.345 Thread 0x000000001edba000 Uncommon trap: trap_request=0xffffff65 fr.pc=0x0000000002dee0ac
Event: 53.345 Thread 0x000000001edba000 DEOPT PACKING pc=0x0000000002dee0ac sp=0x000000002262e370
Event: 53.345 Thread 0x000000001edba000 DEOPT UNPACKING pc=0x0000000002a7557b sp=0x000000002262e268 mode 2


Dynamic libraries:
0x00007ff728820000 - 0x00007ff728851000 	C:\Program Files\Android\Android Studio\jre\bin\java.exe
0x00007ffe02100000 - 0x00007ffe022f0000 	C:\WINDOWS\SYSTEM32\ntdll.dll
0x00007ffe01320000 - 0x00007ffe013d2000 	C:\WINDOWS\System32\KERNEL32.DLL
0x00007ffdfff00000 - 0x00007ffe001a3000 	C:\WINDOWS\System32\KERNELBASE.dll
0x00007ffe01270000 - 0x00007ffe01313000 	C:\WINDOWS\System32\ADVAPI32.dll
0x00007ffe002f0000 - 0x00007ffe0038e000 	C:\WINDOWS\System32\msvcrt.dll
0x00007ffe01e60000 - 0x00007ffe01ef7000 	C:\WINDOWS\System32\sechost.dll
0x00007ffe00390000 - 0x00007ffe004b0000 	C:\WINDOWS\System32\RPCRT4.dll
0x00007ffe00c00000 - 0x00007ffe00d94000 	C:\WINDOWS\System32\USER32.dll
0x00007ffdff1f0000 - 0x00007ffdff211000 	C:\WINDOWS\System32\win32u.dll
0x00007ffe01d80000 - 0x00007ffe01da6000 	C:\WINDOWS\System32\GDI32.dll
0x00007ffdffc10000 - 0x00007ffdffda4000 	C:\WINDOWS\System32\gdi32full.dll
0x00007ffdff3f0000 - 0x00007ffdff48e000 	C:\WINDOWS\System32\msvcp_win.dll
0x00007ffdff250000 - 0x00007ffdff34a000 	C:\WINDOWS\System32\ucrtbase.dll
0x00007ffdf6070000 - 0x00007ffdf62f5000 	C:\WINDOWS\WinSxS\amd64_microsoft.windows.common-controls_6595b64144ccf1df_6.0.18362.535_none_e6c3b34713100821\COMCTL32.dll
0x00007ffe013e0000 - 0x00007ffe01716000 	C:\WINDOWS\System32\combase.dll
0x00007ffdff350000 - 0x00007ffdff3d0000 	C:\WINDOWS\System32\bcryptPrimitives.dll
0x00007ffe00bd0000 - 0x00007ffe00bfe000 	C:\WINDOWS\System32\IMM32.DLL
0x000000006b020000 - 0x000000006b0f2000 	C:\Program Files\Android\Android Studio\jre\jre\bin\msvcr100.dll
0x000000006a7d0000 - 0x000000006b016000 	C:\Program Files\Android\Android Studio\jre\jre\bin\server\jvm.dll
0x00007ffe01b30000 - 0x00007ffe01b38000 	C:\WINDOWS\System32\PSAPI.DLL
0x00007ffdfcd30000 - 0x00007ffdfcd54000 	C:\WINDOWS\SYSTEM32\WINMM.dll
0x00007ffdf9320000 - 0x00007ffdf932a000 	C:\WINDOWS\SYSTEM32\VERSION.dll
0x00007ffdf0840000 - 0x00007ffdf0849000 	C:\WINDOWS\SYSTEM32\WSOCK32.dll
0x0000000002790000 - 0x00000000027ff000 	C:\WINDOWS\System32\ws2_32.DLL
0x00007ffdfcd00000 - 0x00007ffdfcd2d000 	C:\WINDOWS\SYSTEM32\WINMMBASE.dll
0x00007ffdff1a0000 - 0x00007ffdff1ea000 	C:\WINDOWS\System32\cfgmgr32.dll
0x00007ffdf7e20000 - 0x00007ffdf7e2f000 	C:\Program Files\Android\Android Studio\jre\jre\bin\verify.dll
0x00007ffdf5550000 - 0x00007ffdf5579000 	C:\Program Files\Android\Android Studio\jre\jre\bin\java.dll
0x00007ffdf55a0000 - 0x00007ffdf55b6000 	C:\Program Files\Android\Android Studio\jre\jre\bin\zip.dll
0x00007ffe004d0000 - 0x00007ffe00bb5000 	C:\WINDOWS\System32\SHELL32.dll
0x00007ffe01db0000 - 0x00007ffe01e59000 	C:\WINDOWS\System32\shcore.dll
0x00007ffdff490000 - 0x00007ffdffc0f000 	C:\WINDOWS\System32\windows.storage.dll
0x00007ffdfefe0000 - 0x00007ffdfefff000 	C:\WINDOWS\System32\profapi.dll
0x00007ffdff000000 - 0x00007ffdff04a000 	C:\WINDOWS\System32\powrprof.dll
0x00007ffdfefd0000 - 0x00007ffdfefe0000 	C:\WINDOWS\System32\UMPDC.dll
0x00007ffe00da0000 - 0x00007ffe00df2000 	C:\WINDOWS\System32\shlwapi.dll
0x00007ffdff070000 - 0x00007ffdff081000 	C:\WINDOWS\System32\kernel.appcore.dll
0x00007ffdff3d0000 - 0x00007ffdff3e7000 	C:\WINDOWS\System32\cryptsp.dll
0x00007ffdf46f0000 - 0x00007ffdf470a000 	C:\Program Files\Android\Android Studio\jre\jre\bin\net.dll
0x00007ffdfe840000 - 0x00007ffdfe8a7000 	C:\WINDOWS\system32\mswsock.dll
0x00007ffdd21b0000 - 0x00007ffdd21c1000 	C:\Program Files\Android\Android Studio\jre\jre\bin\nio.dll
0x00007ffdfa050000 - 0x00007ffdfa06e000 	C:\Users\Admin\.gradle\native\25\windows-amd64\native-platform.dll
0x00007ffdd7ee0000 - 0x00007ffdd7eed000 	C:\Program Files\Android\Android Studio\jre\jre\bin\management.dll
0x00007ffdfe3b0000 - 0x00007ffdfe3e3000 	C:\WINDOWS\system32\rsaenh.dll
0x00007ffdff220000 - 0x00007ffdff246000 	C:\WINDOWS\System32\bcrypt.dll
0x00007ffdfeef0000 - 0x00007ffdfef15000 	C:\WINDOWS\SYSTEM32\USERENV.dll
0x00007ffdfea10000 - 0x00007ffdfea1c000 	C:\WINDOWS\SYSTEM32\CRYPTBASE.dll
0x00007ffdfe550000 - 0x00007ffdfe58a000 	C:\WINDOWS\SYSTEM32\IPHLPAPI.DLL
0x00007ffe00bc0000 - 0x00007ffe00bc8000 	C:\WINDOWS\System32\NSI.dll
0x00007ffdf8800000 - 0x00007ffdf8816000 	C:\WINDOWS\SYSTEM32\dhcpcsvc6.DLL
0x00007ffdf87e0000 - 0x00007ffdf87fc000 	C:\WINDOWS\SYSTEM32\dhcpcsvc.DLL
0x00007ffdfe5a0000 - 0x00007ffdfe66a000 	C:\WINDOWS\SYSTEM32\DNSAPI.dll

VM Arguments:
jvm_args: -Xmx1536M -Dfile.encoding=windows-1252 -Duser.country=IN -Duser.language=en -Duser.variant 
java_command: org.gradle.launcher.daemon.bootstrap.GradleDaemon 4.1
java_class_path (initial): C:\Users\Admin\.gradle\wrapper\dists\gradle-4.1-all\bzyivzo6n839fup2jbap0tjew\gradle-4.1\lib\gradle-launcher-4.1.jar
Launcher Type: SUN_STANDARD

Environment Variables:
JAVA_HOME=C:\Program Files\Android\Android Studio\jre
CLASSPATH=C:\Users\Admin\FlutterProjects\Flutter-Movie-List-App\android\\gradle\wrapper\gradle-wrapper.jar
USERNAME=Admin
OS=Windows_NT
PROCESSOR_IDENTIFIER=Intel64 Family 6 Model 142 Stepping 9, GenuineIntel



---------------  S Y S T E M  ---------------

OS: Windows 10.0 , 64 bit Build 18362 (10.0.18362.329)

CPU:total 4 (initial active 4) (2 cores per cpu, 2 threads per core) family 6 model 142 stepping 9, cmov, cx8, fxsr, mmx, sse, sse2, sse3, ssse3, sse4.1, sse4.2, popcnt, avx, avx2, aes, clmul, erms, 3dnowpref, lzcnt, ht, tsc, tscinvbit, bmi1, bmi2, adx

Memory: 4k page, physical 8271076k(1113936k free), swap 8271076k(23824k free)

vm_info: OpenJDK 64-Bit Server VM (25.202-b03) for windows-amd64 JRE (1.8.0_202-release-1483-b03), built by "builder" with MS VC++ 10.0 (VS2010)

time: Thu Jan 16 21:08:53 2020
timezone: India Standard Time
elapsed time: 53 seconds (0d 0h 0m 53s)

