#
# There is insufficient memory for the Java Runtime Environment to continue.
# Native memory allocation (malloc) failed to allocate 65552 bytes for Chunk::new
# Possible reasons:
#   The system is out of physical RAM or swap space
#   The process is running with CompressedOops enabled, and the Java Heap may be blocking the growth of the native heap
# Possible solutions:
#   Reduce memory load on the system
#   Increase physical memory or swap space
#   Check if swap backing store is full
#   Decrease Java heap size (-Xmx/-Xms)
#   Decrease number of Java threads
#   Decrease Java thread stack sizes (-Xss)
#   Set larger code cache with -XX:ReservedCodeCacheSize=
#   JVM is running with Unscaled Compressed Oops mode in which the Java heap is
#     placed in the first 4GB address space. The Java Heap base address is the
#     maximum limit for the native heap growth. Please use -XX:HeapBaseMinAddress
#     to set the Java Heap base and to place the Java Heap above 4GB virtual address.
# This output file may be truncated or incomplete.
#
#  Out of Memory Error (allocation.cpp:389), pid=9636, tid=0x0000000000002044
#
# JRE version: OpenJDK Runtime Environment (8.0_202-b03) (build 1.8.0_202-release-1483-b03)
# Java VM: OpenJDK 64-Bit Server VM (25.202-b03 mixed mode windows-amd64 compressed oops)
# Failed to write core dump. Minidumps are not enabled by default on client versions of Windows
#

---------------  T H R E A D  ---------------

Current thread (0x0000000015f62800):  JavaThread "C2 CompilerThread0" daemon [_thread_in_native, id=8260, stack(0x00000000175b0000,0x00000000176b0000)]

Stack: [0x00000000175b0000,0x00000000176b0000]
[error occurred during error reporting (printing stack bounds), id 0xc0000005]

Native frames: (J=compiled Java code, j=interpreted, Vv=VM code, C=native code)


Current CompileTask:
C2: 286986 8191   !   4       org.gradle.api.internal.AbstractClassGenerator::generateUnderLock (1075 bytes)


---------------  P R O C E S S  ---------------

Java Threads: ( => current thread )
  0x0000000018221000 JavaThread "Cache worker for task history cache (C:\Users\Admin\FlutterProjects\Cinema\android\.gradle\4.1\taskHistory)" [_thread_blocked, id=6476, stack(0x0000000022310000,0x0000000022410000)]
  0x000000001821f000 JavaThread "build operations Thread 4" [_thread_blocked, id=14744, stack(0x000000001eac0000,0x000000001ebc0000)]
  0x0000000018223800 JavaThread "build operations Thread 3" [_thread_blocked, id=2516, stack(0x000000001e9c0000,0x000000001eac0000)]
  0x0000000018225800 JavaThread "build operations Thread 2" [_thread_blocked, id=15352, stack(0x000000001bf40000,0x000000001c040000)]
  0x000000001821f800 JavaThread "build operations" [_thread_blocked, id=14832, stack(0x000000001bbd0000,0x000000001bcd0000)]
  0x000000001821e000 JavaThread "Cache worker for Artifact transforms cache (C:\Users\Admin\.gradle\caches\transforms-1)" [_thread_blocked, id=13780, stack(0x000000001bad0000,0x000000001bbd0000)]
  0x0000000018216800 JavaThread "Cache worker for file hash cache (C:\Users\Admin\FlutterProjects\Cinema\android\.gradle\4.1\fileHashes)" [_thread_blocked, id=1568, stack(0x000000001a600000,0x000000001a700000)]
  0x000000001821b000 JavaThread "Stdin handler" [_thread_blocked, id=6696, stack(0x000000001a500000,0x000000001a600000)]
  0x000000001821a800 JavaThread "Asynchronous log dispatcher for DefaultDaemonConnection: socket connection from /127.0.0.1:55112 to /127.0.0.1:55404" [_thread_blocked, id=13968, stack(0x000000001a400000,0x000000001a500000)]
  0x000000001821d800 JavaThread "Daemon worker Thread 3" [_thread_in_native, id=13856, stack(0x000000001a300000,0x000000001a400000)]
  0x0000000018217800 JavaThread "Cancel handler" [_thread_blocked, id=11804, stack(0x0000000019f00000,0x000000001a000000)]
  0x0000000018218000 JavaThread "Handler for socket connection from /127.0.0.1:55112 to /127.0.0.1:55404" [_thread_in_native, id=1560, stack(0x0000000000820000,0x0000000000920000)]
  0x0000000018219800 JavaThread "Daemon Thread 3" [_thread_blocked, id=5884, stack(0x0000000000720000,0x0000000000820000)]
  0x0000000018219000 JavaThread "Memory manager" [_thread_blocked, id=13416, stack(0x00000000203b0000,0x00000000204b0000)]
  0x000000001821c000 JavaThread "pool-1-thread-1" [_thread_blocked, id=664, stack(0x00000000200b0000,0x00000000201b0000)]
  0x000000001813a000 JavaThread "File lock request listener" [_thread_in_native, id=13828, stack(0x000000001a800000,0x000000001a900000)]
  0x0000000017fa8800 JavaThread "Cache worker for file hash cache (C:\Users\Admin\.gradle\caches\4.1\fileHashes)" [_thread_blocked, id=3996, stack(0x000000001a700000,0x000000001a800000)]
  0x0000000018e60000 JavaThread "Daemon periodic checks" [_thread_blocked, id=3656, stack(0x0000000019e00000,0x0000000019f00000)]
  0x0000000018e8f000 JavaThread "Incoming local TCP Connector on port 55112" [_thread_in_native, id=9508, stack(0x0000000019bc0000,0x0000000019cc0000)]
  0x00000000178e8800 JavaThread "Service Thread" daemon [_thread_blocked, id=12240, stack(0x0000000017cb0000,0x0000000017db0000)]
  0x0000000015f77800 JavaThread "C1 CompilerThread2" daemon [_thread_blocked, id=484, stack(0x00000000177b0000,0x00000000178b0000)]
  0x0000000015f69800 JavaThread "C2 CompilerThread1" daemon [_thread_in_native, id=14848, stack(0x00000000176b0000,0x00000000177b0000)]
=>0x0000000015f62800 JavaThread "C2 CompilerThread0" daemon [_thread_in_native, id=8260, stack(0x00000000175b0000,0x00000000176b0000)]
  0x0000000015f60800 JavaThread "Attach Listener" daemon [_thread_blocked, id=11744, stack(0x00000000174b0000,0x00000000175b0000)]
  0x0000000015f5f800 JavaThread "Signal Dispatcher" daemon [_thread_blocked, id=3332, stack(0x00000000173b0000,0x00000000174b0000)]
  0x00000000025ed800 JavaThread "Finalizer" daemon [_thread_blocked, id=8492, stack(0x00000000171b0000,0x00000000172b0000)]
  0x00000000025e4000 JavaThread "Reference Handler" daemon [_thread_blocked, id=12376, stack(0x00000000170b0000,0x00000000171b0000)]
  0x00000000024f3800 JavaThread "main" [_thread_blocked, id=13540, stack(0x0000000002340000,0x0000000002440000)]

Other Threads:
  0x0000000015f26000 VMThread [stack: 0x0000000016fb0000,0x00000000170b0000] [id=14984]
  0x00000000178e9800 WatcherThread [stack: 0x0000000017db0000,0x0000000017eb0000] [id=11972]

VM state:not at safepoint (normal execution)

VM Mutex/Monitor currently owned by a thread: None

heap address: 0x00000000a0000000, size: 1536 MB, Compressed Oops mode: 32-bit
Narrow klass base: 0x0000000000000000, Narrow klass shift: 3
Compressed class space size: 1073741824 Address: 0x0000000100000000

Heap:
 PSYoungGen      total 205824K, used 27024K [0x00000000e0000000, 0x00000000f2f80000, 0x0000000100000000)
  eden space 186368K, 14% used [0x00000000e0000000,0x00000000e1a64138,0x00000000eb600000)
  from space 19456K, 0% used [0x00000000eb600000,0x00000000eb600000,0x00000000ec900000)
  to   space 18432K, 0% used [0x00000000f1d80000,0x00000000f1d80000,0x00000000f2f80000)
 ParOldGen       total 89600K, used 35252K [0x00000000a0000000, 0x00000000a5780000, 0x00000000e0000000)
  object space 89600K, 39% used [0x00000000a0000000,0x00000000a226d390,0x00000000a5780000)
 Metaspace       used 56886K, capacity 59296K, committed 59608K, reserved 1101824K
  class space    used 7541K, capacity 8086K, committed 8192K, reserved 1048576K

Card table byte_map: [0x00000000119b0000,0x0000000011cc0000] byte_map_base: 0x00000000114b0000

Marking Bits: (ParMarkBitMap*) 0x000000006d449f30
 Begin Bits: [0x00000000122c0000, 0x0000000013ac0000)
 End Bits:   [0x0000000013ac0000, 0x00000000152c0000)

Polling page: 0x0000000000a30000

CodeCache: size=245760Kb used=23946Kb max_used=23946Kb free=221813Kb
 bounds [0x00000000025f0000, 0x0000000003d70000, 0x00000000115f0000]
 total_blobs=8064 nmethods=7285 adapters=691
 compilation: enabled

Compilation events (10 events):
Event: 286.815 Thread 0x0000000015f77800 8264       3       org.gradle.api.internal.AbstractTask::assertDynamicObject (39 bytes)
Event: 286.816 Thread 0x0000000015f77800 nmethod 8264 0x0000000003d65a90 code [0x0000000003d65ca0, 0x0000000003d66758]
Event: 286.816 Thread 0x0000000015f77800 8266       3       groovy.lang.GString::<init> (10 bytes)
Event: 286.817 Thread 0x0000000015f77800 nmethod 8266 0x0000000003d66c90 code [0x0000000003d66ea0, 0x0000000003d67a58]
Event: 286.817 Thread 0x0000000015f77800 8267       3       org.codehaus.groovy.runtime.GStringImpl::<init> (11 bytes)
Event: 286.817 Thread 0x0000000015f77800 nmethod 8267 0x0000000003d68290 code [0x0000000003d68460, 0x0000000003d68d58]
Event: 286.817 Thread 0x0000000015f77800 8268       3       java.util.concurrent.ThreadPoolExecutor::isRunning (10 bytes)
Event: 286.817 Thread 0x0000000015f77800 nmethod 8268 0x0000000003d693d0 code [0x0000000003d69520, 0x0000000003d696b0]
Event: 286.837 Thread 0x0000000015f77800 8269       3       java.lang.Thread::checkAccess (14 bytes)
Event: 286.837 Thread 0x0000000015f77800 nmethod 8269 0x0000000003d69710 code [0x0000000003d69880, 0x0000000003d69b48]

GC Heap History (10 events):
Event: 16.618 GC heap before
{Heap before GC invocations=10 (full 2):
 PSYoungGen      total 137216K, used 10689K [0x00000000e0000000, 0x00000000e9480000, 0x0000000100000000)
  eden space 125952K, 0% used [0x00000000e0000000,0x00000000e0000000,0x00000000e7b00000)
  from space 11264K, 94% used [0x00000000e8780000,0x00000000e91f05b8,0x00000000e9280000)
  to   space 12800K, 0% used [0x00000000e7b00000,0x00000000e7b00000,0x00000000e8780000)
 ParOldGen       total 49152K, used 8440K [0x00000000a0000000, 0x00000000a3000000, 0x00000000e0000000)
  object space 49152K, 17% used [0x00000000a0000000,0x00000000a083e240,0x00000000a3000000)
 Metaspace       used 34828K, capacity 35408K, committed 35416K, reserved 1079296K
  class space    used 4763K, capacity 4989K, committed 4992K, reserved 1048576K
Event: 16.703 GC heap after
Heap after GC invocations=10 (full 2):
 PSYoungGen      total 137216K, used 0K [0x00000000e0000000, 0x00000000e9480000, 0x0000000100000000)
  eden space 125952K, 0% used [0x00000000e0000000,0x00000000e0000000,0x00000000e7b00000)
  from space 11264K, 0% used [0x00000000e8780000,0x00000000e8780000,0x00000000e9280000)
  to   space 12800K, 0% used [0x00000000e7b00000,0x00000000e7b00000,0x00000000e8780000)
 ParOldGen       total 61440K, used 17075K [0x00000000a0000000, 0x00000000a3c00000, 0x00000000e0000000)
  object space 61440K, 27% used [0x00000000a0000000,0x00000000a10acc00,0x00000000a3c00000)
 Metaspace       used 34828K, capacity 35408K, committed 35416K, reserved 1079296K
  class space    used 4763K, capacity 4989K, committed 4992K, reserved 1048576K
}
Event: 20.958 GC heap before
{Heap before GC invocations=11 (full 2):
 PSYoungGen      total 137216K, used 125952K [0x00000000e0000000, 0x00000000e9480000, 0x0000000100000000)
  eden space 125952K, 100% used [0x00000000e0000000,0x00000000e7b00000,0x00000000e7b00000)
  from space 11264K, 0% used [0x00000000e8780000,0x00000000e8780000,0x00000000e9280000)
  to   space 12800K, 0% used [0x00000000e7b00000,0x00000000e7b00000,0x00000000e8780000)
 ParOldGen       total 61440K, used 17075K [0x00000000a0000000, 0x00000000a3c00000, 0x00000000e0000000)
  object space 61440K, 27% used [0x00000000a0000000,0x00000000a10acc00,0x00000000a3c00000)
 Metaspace       used 39806K, capacity 40746K, committed 40792K, reserved 1085440K
  class space    used 5408K, capacity 5752K, committed 5760K, reserved 1048576K
Event: 20.990 GC heap after
Heap after GC invocations=11 (full 2):
 PSYoungGen      total 138752K, used 12786K [0x00000000e0000000, 0x00000000ed780000, 0x0000000100000000)
  eden space 125952K, 0% used [0x00000000e0000000,0x00000000e0000000,0x00000000e7b00000)
  from space 12800K, 99% used [0x00000000e7b00000,0x00000000e877ca88,0x00000000e8780000)
  to   space 14848K, 0% used [0x00000000ec900000,0x00000000ec900000,0x00000000ed780000)
 ParOldGen       total 61440K, used 17446K [0x00000000a0000000, 0x00000000a3c00000, 0x00000000e0000000)
  object space 61440K, 28% used [0x00000000a0000000,0x00000000a1109960,0x00000000a3c00000)
 Metaspace       used 39806K, capacity 40746K, committed 40792K, reserved 1085440K
  class space    used 5408K, capacity 5752K, committed 5760K, reserved 1048576K
}
Event: 26.988 GC heap before
{Heap before GC invocations=12 (full 2):
 PSYoungGen      total 138752K, used 138738K [0x00000000e0000000, 0x00000000ed780000, 0x0000000100000000)
  eden space 125952K, 100% used [0x00000000e0000000,0x00000000e7b00000,0x00000000e7b00000)
  from space 12800K, 99% used [0x00000000e7b00000,0x00000000e877ca88,0x00000000e8780000)
  to   space 14848K, 0% used [0x00000000ec900000,0x00000000ec900000,0x00000000ed780000)
 ParOldGen       total 61440K, used 17446K [0x00000000a0000000, 0x00000000a3c00000, 0x00000000e0000000)
  object space 61440K, 28% used [0x00000000a0000000,0x00000000a1109960,0x00000000a3c00000)
 Metaspace       used 50597K, capacity 52230K, committed 52440K, reserved 1093632K
  class space    used 6915K, capacity 7338K, committed 7424K, reserved 1048576K
Event: 27.030 GC heap after
Heap after GC invocations=12 (full 2):
 PSYoungGen      total 201216K, used 14822K [0x00000000e0000000, 0x00000000ede00000, 0x0000000100000000)
  eden space 186368K, 0% used [0x00000000e0000000,0x00000000e0000000,0x00000000eb600000)
  from space 14848K, 99% used [0x00000000ec900000,0x00000000ed779970,0x00000000ed780000)
  to   space 19456K, 0% used [0x00000000eb600000,0x00000000eb600000,0x00000000ec900000)
 ParOldGen       total 61440K, used 24631K [0x00000000a0000000, 0x00000000a3c00000, 0x00000000e0000000)
  object space 61440K, 40% used [0x00000000a0000000,0x00000000a180dec8,0x00000000a3c00000)
 Metaspace       used 50597K, capacity 52230K, committed 52440K, reserved 1093632K
  class space    used 6915K, capacity 7338K, committed 7424K, reserved 1048576K
}
Event: 286.169 GC heap before
{Heap before GC invocations=13 (full 2):
 PSYoungGen      total 201216K, used 186425K [0x00000000e0000000, 0x00000000ede00000, 0x0000000100000000)
  eden space 186368K, 92% used [0x00000000e0000000,0x00000000ea794d68,0x00000000eb600000)
  from space 14848K, 99% used [0x00000000ec900000,0x00000000ed779970,0x00000000ed780000)
  to   space 19456K, 0% used [0x00000000eb600000,0x00000000eb600000,0x00000000ec900000)
 ParOldGen       total 61440K, used 24631K [0x00000000a0000000, 0x00000000a3c00000, 0x00000000e0000000)
  object space 61440K, 40% used [0x00000000a0000000,0x00000000a180dec8,0x00000000a3c00000)
 Metaspace       used 56628K, capacity 58920K, committed 58968K, reserved 1099776K
  class space    used 7515K, capacity 8046K, committed 8064K, reserved 1048576K
Event: 286.199 GC heap after
Heap after GC invocations=13 (full 2):
 PSYoungGen      total 205824K, used 9898K [0x00000000e0000000, 0x00000000f2f80000, 0x0000000100000000)
  eden space 186368K, 0% used [0x00000000e0000000,0x00000000e0000000,0x00000000eb600000)
  from space 19456K, 50% used [0x00000000eb600000,0x00000000ebfaa888,0x00000000ec900000)
  to   space 18432K, 0% used [0x00000000f1d80000,0x00000000f1d80000,0x00000000f2f80000)
 ParOldGen       total 61440K, used 39168K [0x00000000a0000000, 0x00000000a3c00000, 0x00000000e0000000)
  object space 61440K, 63% used [0x00000000a0000000,0x00000000a2640360,0x00000000a3c00000)
 Metaspace       used 56628K, capacity 58920K, committed 58968K, reserved 1099776K
  class space    used 7515K, capacity 8046K, committed 8064K, reserved 1048576K
}
Event: 286.199 GC heap before
{Heap before GC invocations=14 (full 3):
 PSYoungGen      total 205824K, used 9898K [0x00000000e0000000, 0x00000000f2f80000, 0x0000000100000000)
  eden space 186368K, 0% used [0x00000000e0000000,0x00000000e0000000,0x00000000eb600000)
  from space 19456K, 50% used [0x00000000eb600000,0x00000000ebfaa888,0x00000000ec900000)
  to   space 18432K, 0% used [0x00000000f1d80000,0x00000000f1d80000,0x00000000f2f80000)
 ParOldGen       total 61440K, used 39168K [0x00000000a0000000, 0x00000000a3c00000, 0x00000000e0000000)
  object space 61440K, 63% used [0x00000000a0000000,0x00000000a2640360,0x00000000a3c00000)
 Metaspace       used 56628K, capacity 58920K, committed 58968K, reserved 1099776K
  class space    used 7515K, capacity 8046K, committed 8064K, reserved 1048576K
Event: 286.444 GC heap after
Heap after GC invocations=14 (full 3):
 PSYoungGen      total 205824K, used 0K [0x00000000e0000000, 0x00000000f2f80000, 0x0000000100000000)
  eden space 186368K, 0% used [0x00000000e0000000,0x00000000e0000000,0x00000000eb600000)
  from space 19456K, 0% used [0x00000000eb600000,0x00000000eb600000,0x00000000ec900000)
  to   space 18432K, 0% used [0x00000000f1d80000,0x00000000f1d80000,0x00000000f2f80000)
 ParOldGen       total 89600K, used 35252K [0x00000000a0000000, 0x00000000a5780000, 0x00000000e0000000)
  object space 89600K, 39% used [0x00000000a0000000,0x00000000a226d390,0x00000000a5780000)
 Metaspace       used 56628K, capacity 58920K, committed 58968K, reserved 1099776K
  class space    used 7515K, capacity 8046K, committed 8064K, reserved 1048576K
}

Deoptimization events (10 events):
Event: 172.590 Thread 0x0000000018222000 Uncommon trap: reason=bimorphic action=maybe_recompile pc=0x0000000003772360 method=com.google.common.collect.NaturalOrdering.compare(Ljava/lang/Comparable;Ljava/lang/Comparable;)I @ 12
Event: 179.136 Thread 0x0000000018222000 Uncommon trap: reason=class_check action=maybe_recompile pc=0x0000000002b32b80 method=java.lang.Throwable.<init>(Ljava/lang/String;Ljava/lang/Throwable;)V @ 24
Event: 209.710 Thread 0x0000000018216800 Uncommon trap: reason=predicate action=maybe_recompile pc=0x0000000003b6b538 method=java.util.AbstractCollection.toArray([Ljava/lang/Object;)[Ljava/lang/Object; @ 49
Event: 209.788 Thread 0x0000000018216800 Uncommon trap: reason=array_check action=maybe_recompile pc=0x0000000003b763ec method=java.util.AbstractCollection.toArray([Ljava/lang/Object;)[Ljava/lang/Object; @ 119
Event: 209.788 Thread 0x0000000018216800 Uncommon trap: reason=array_check action=maybe_recompile pc=0x0000000003b763ec method=java.util.AbstractCollection.toArray([Ljava/lang/Object;)[Ljava/lang/Object; @ 119
Event: 209.788 Thread 0x0000000018216800 Uncommon trap: reason=array_check action=maybe_recompile pc=0x0000000003b763ec method=java.util.AbstractCollection.toArray([Ljava/lang/Object;)[Ljava/lang/Object; @ 119
Event: 209.788 Thread 0x0000000018216800 Uncommon trap: reason=array_check action=maybe_recompile pc=0x0000000003b763ec method=java.util.AbstractCollection.toArray([Ljava/lang/Object;)[Ljava/lang/Object; @ 119
Event: 213.302 Thread 0x0000000018222000 Uncommon trap: reason=class_check action=maybe_recompile pc=0x0000000002b32b80 method=java.lang.Throwable.<init>(Ljava/lang/String;Ljava/lang/Throwable;)V @ 24
Event: 286.444 Thread 0x00000000025e4000 Uncommon trap: reason=unstable_if action=reinterpret pc=0x0000000002b54338 method=java.lang.ref.Reference.tryHandlePending(Z)Z @ 20
Event: 286.451 Thread 0x000000001821d800 Uncommon trap: reason=null_check action=make_not_entrant pc=0x0000000002941b48 method=java.lang.ThreadLocal$ThreadLocalMap.set(Ljava/lang/ThreadLocal;Ljava/lang/Object;)V @ 36

Classes redefined (0 events):
No events

Internal exceptions (10 events):
Event: 286.724 Thread 0x000000001821d800 Exception <a 'sun/nio/fs/WindowsException'> (0x00000000e13adc28) thrown at [D:\src\AOSP-openjdk-cygwin\jdk8u\hotspot\src\share\vm\prims\jni.cpp, line 710]
Event: 286.724 Thread 0x000000001821d800 Exception <a 'sun/nio/fs/WindowsException'> (0x00000000e13af4f8) thrown at [D:\src\AOSP-openjdk-cygwin\jdk8u\hotspot\src\share\vm\prims\jni.cpp, line 710]
Event: 286.724 Thread 0x000000001821d800 Exception <a 'sun/nio/fs/WindowsException'> (0x00000000e13b1308) thrown at [D:\src\AOSP-openjdk-cygwin\jdk8u\hotspot\src\share\vm\prims\jni.cpp, line 710]
Event: 286.724 Thread 0x000000001821d800 Exception <a 'sun/nio/fs/WindowsException'> (0x00000000e13b2bd0) thrown at [D:\src\AOSP-openjdk-cygwin\jdk8u\hotspot\src\share\vm\prims\jni.cpp, line 710]
Event: 286.725 Thread 0x000000001821d800 Exception <a 'sun/nio/fs/WindowsException'> (0x00000000e13bbe40) thrown at [D:\src\AOSP-openjdk-cygwin\jdk8u\hotspot\src\share\vm\prims\jni.cpp, line 710]
Event: 286.725 Thread 0x000000001821d800 Exception <a 'sun/nio/fs/WindowsException'> (0x00000000e13bd720) thrown at [D:\src\AOSP-openjdk-cygwin\jdk8u\hotspot\src\share\vm\prims\jni.cpp, line 710]
Event: 286.726 Thread 0x000000001821d800 Exception <a 'sun/nio/fs/WindowsException'> (0x00000000e13bff60) thrown at [D:\src\AOSP-openjdk-cygwin\jdk8u\hotspot\src\share\vm\prims\jni.cpp, line 710]
Event: 286.726 Thread 0x000000001821d800 Exception <a 'sun/nio/fs/WindowsException'> (0x00000000e13c1830) thrown at [D:\src\AOSP-openjdk-cygwin\jdk8u\hotspot\src\share\vm\prims\jni.cpp, line 710]
Event: 286.726 Thread 0x000000001821d800 Exception <a 'sun/nio/fs/WindowsException'> (0x00000000e13c3640) thrown at [D:\src\AOSP-openjdk-cygwin\jdk8u\hotspot\src\share\vm\prims\jni.cpp, line 710]
Event: 286.726 Thread 0x000000001821d800 Exception <a 'sun/nio/fs/WindowsException'> (0x00000000e13c4f08) thrown at [D:\src\AOSP-openjdk-cygwin\jdk8u\hotspot\src\share\vm\prims\jni.cpp, line 710]

Events (10 events):
Event: 286.818 Thread 0x0000000018370800 Thread added: 0x0000000018370800
Event: 286.837 Thread 0x0000000018371000 Thread added: 0x0000000018371000
Event: 286.838 Thread 0x000000001836f800 Thread added: 0x000000001836f800
Event: 286.839 Thread 0x00000000218ca800 Thread added: 0x00000000218ca800
Event: 286.839 Thread 0x00000000218c9000 Thread added: 0x00000000218c9000
Event: 286.842 Executing VM operation: BulkRevokeBias
Event: 286.843 Executing VM operation: BulkRevokeBias done
Event: 286.843 Thread 0x0000000018371000 Thread exited: 0x0000000018371000
Event: 286.844 Executing VM operation: RevokeBias
Event: 286.844 Executing VM operation: RevokeBias done


Dynamic libraries:
0x00007ff6563c0000 - 0x00007ff6563f1000 	C:\Program Files\Android\Android Studio\jre\bin\java.exe
0x00007ffd81f40000 - 0x00007ffd82130000 	C:\WINDOWS\SYSTEM32\ntdll.dll
0x00007ffd80460000 - 0x00007ffd80512000 	C:\WINDOWS\System32\KERNEL32.DLL
0x00007ffd7f180000 - 0x00007ffd7f423000 	C:\WINDOWS\System32\KERNELBASE.dll
0x00007ffd80850000 - 0x00007ffd808f3000 	C:\WINDOWS\System32\ADVAPI32.dll
0x00007ffd81e60000 - 0x00007ffd81efe000 	C:\WINDOWS\System32\msvcrt.dll
0x00007ffd81a70000 - 0x00007ffd81b07000 	C:\WINDOWS\System32\sechost.dll
0x00007ffd80ca0000 - 0x00007ffd80dc0000 	C:\WINDOWS\System32\RPCRT4.dll
0x00007ffd80520000 - 0x00007ffd806b4000 	C:\WINDOWS\System32\USER32.dll
0x00007ffd7ef30000 - 0x00007ffd7ef51000 	C:\WINDOWS\System32\win32u.dll
0x00007ffd80b20000 - 0x00007ffd80b46000 	C:\WINDOWS\System32\GDI32.dll
0x00007ffd7f680000 - 0x00007ffd7f814000 	C:\WINDOWS\System32\gdi32full.dll
0x00007ffd7f0b0000 - 0x00007ffd7f14e000 	C:\WINDOWS\System32\msvcp_win.dll
0x00007ffd7f430000 - 0x00007ffd7f52a000 	C:\WINDOWS\System32\ucrtbase.dll
0x00007ffd751d0000 - 0x00007ffd75455000 	C:\WINDOWS\WinSxS\amd64_microsoft.windows.common-controls_6595b64144ccf1df_6.0.18362.535_none_e6c3b34713100821\COMCTL32.dll
0x00007ffd81580000 - 0x00007ffd818b6000 	C:\WINDOWS\System32\combase.dll
0x00007ffd7ef80000 - 0x00007ffd7f000000 	C:\WINDOWS\System32\bcryptPrimitives.dll
0x00007ffd81d70000 - 0x00007ffd81d9e000 	C:\WINDOWS\System32\IMM32.DLL
0x000000006e020000 - 0x000000006e0f2000 	C:\Program Files\Android\Android Studio\jre\jre\bin\msvcr100.dll
0x000000006cc80000 - 0x000000006d4c6000 	C:\Program Files\Android\Android Studio\jre\jre\bin\server\jvm.dll
0x00007ffd809d0000 - 0x00007ffd809d8000 	C:\WINDOWS\System32\PSAPI.DLL
0x00007ffd79480000 - 0x00007ffd7948a000 	C:\WINDOWS\SYSTEM32\VERSION.dll
0x00007ffd6e180000 - 0x00007ffd6e189000 	C:\WINDOWS\SYSTEM32\WSOCK32.dll
0x00007ffd7c520000 - 0x00007ffd7c544000 	C:\WINDOWS\SYSTEM32\WINMM.dll
0x0000000000a90000 - 0x0000000000aff000 	C:\WINDOWS\System32\ws2_32.DLL
0x00007ffd7c490000 - 0x00007ffd7c4bd000 	C:\WINDOWS\SYSTEM32\WINMMBASE.dll
0x00007ffd7f820000 - 0x00007ffd7f86a000 	C:\WINDOWS\System32\cfgmgr32.dll
0x00007ffd77ba0000 - 0x00007ffd77baf000 	C:\Program Files\Android\Android Studio\jre\jre\bin\verify.dll
0x00007ffd77b70000 - 0x00007ffd77b99000 	C:\Program Files\Android\Android Studio\jre\jre\bin\java.dll
0x00007ffd77b50000 - 0x00007ffd77b66000 	C:\Program Files\Android\Android Studio\jre\jre\bin\zip.dll
0x00007ffd80e90000 - 0x00007ffd81575000 	C:\WINDOWS\System32\SHELL32.dll
0x00007ffd81db0000 - 0x00007ffd81e59000 	C:\WINDOWS\System32\shcore.dll
0x00007ffd7f870000 - 0x00007ffd7ffef000 	C:\WINDOWS\System32\windows.storage.dll
0x00007ffd7ee60000 - 0x00007ffd7ee7f000 	C:\WINDOWS\System32\profapi.dll
0x00007ffd7ee80000 - 0x00007ffd7eeca000 	C:\WINDOWS\System32\powrprof.dll
0x00007ffd7ee10000 - 0x00007ffd7ee20000 	C:\WINDOWS\System32\UMPDC.dll
0x00007ffd80dc0000 - 0x00007ffd80e12000 	C:\WINDOWS\System32\shlwapi.dll
0x00007ffd7ee40000 - 0x00007ffd7ee51000 	C:\WINDOWS\System32\kernel.appcore.dll
0x00007ffd7ef60000 - 0x00007ffd7ef77000 	C:\WINDOWS\System32\cryptsp.dll
0x00007ffd77b30000 - 0x00007ffd77b4a000 	C:\Program Files\Android\Android Studio\jre\jre\bin\net.dll
0x00007ffd7e680000 - 0x00007ffd7e6e7000 	C:\WINDOWS\system32\mswsock.dll
0x00007ffd771b0000 - 0x00007ffd771c1000 	C:\Program Files\Android\Android Studio\jre\jre\bin\nio.dll
0x00007ffd76a80000 - 0x00007ffd76a9e000 	C:\Users\Admin\.gradle\native\25\windows-amd64\native-platform.dll
0x00007ffd76a70000 - 0x00007ffd76a7d000 	C:\Program Files\Android\Android Studio\jre\jre\bin\management.dll
0x00007ffd7e1f0000 - 0x00007ffd7e223000 	C:\WINDOWS\system32\rsaenh.dll
0x00007ffd7f150000 - 0x00007ffd7f176000 	C:\WINDOWS\System32\bcrypt.dll
0x00007ffd7ed30000 - 0x00007ffd7ed55000 	C:\WINDOWS\SYSTEM32\USERENV.dll
0x00007ffd7e850000 - 0x00007ffd7e85c000 	C:\WINDOWS\SYSTEM32\CRYPTBASE.dll
0x00007ffd7e390000 - 0x00007ffd7e3ca000 	C:\WINDOWS\SYSTEM32\IPHLPAPI.DLL
0x00007ffd81da0000 - 0x00007ffd81da8000 	C:\WINDOWS\System32\NSI.dll
0x00007ffd79050000 - 0x00007ffd79066000 	C:\WINDOWS\SYSTEM32\dhcpcsvc6.DLL
0x00007ffd79030000 - 0x00007ffd7904c000 	C:\WINDOWS\SYSTEM32\dhcpcsvc.DLL
0x00007ffd7e3e0000 - 0x00007ffd7e4aa000 	C:\WINDOWS\SYSTEM32\DNSAPI.dll

VM Arguments:
jvm_args: -Xmx1536M -Dfile.encoding=windows-1252 -Duser.country=IN -Duser.language=en -Duser.variant 
java_command: org.gradle.launcher.daemon.bootstrap.GradleDaemon 4.1
java_class_path (initial): C:\Users\Admin\.gradle\wrapper\dists\gradle-4.1-all\bzyivzo6n839fup2jbap0tjew\gradle-4.1\lib\gradle-launcher-4.1.jar
Launcher Type: SUN_STANDARD

Environment Variables:
JAVA_HOME=C:\Program Files\Android\Android Studio\jre
CLASSPATH=C:\Users\Admin\FlutterProjects\Cinema\android\\gradle\wrapper\gradle-wrapper.jar
USERNAME=Admin
OS=Windows_NT
PROCESSOR_IDENTIFIER=Intel64 Family 6 Model 142 Stepping 9, GenuineIntel



---------------  S Y S T E M  ---------------

OS: Windows 10.0 , 64 bit Build 18362 (10.0.18362.329)

CPU:total 4 (initial active 4) (2 cores per cpu, 2 threads per core) family 6 model 142 stepping 9, cmov, cx8, fxsr, mmx, sse, sse2, sse3, ssse3, sse4.1, sse4.2, popcnt, avx, avx2, aes, clmul, erms, 3dnowpref, lzcnt, ht, tsc, tscinvbit, bmi1, bmi2, adx

Memory: 4k page, physical 8271076k(1365988k free), swap 8271076k(9216k free)

vm_info: OpenJDK 64-Bit Server VM (25.202-b03) for windows-amd64 JRE (1.8.0_202-release-1483-b03), built by "builder" with MS VC++ 10.0 (VS2010)

time: Sat Jan 18 13:09:41 2020
timezone: India Standard Time
elapsed time: 287 seconds (0d 0h 4m 47s)

